[2022-08-03T16:00:34.961Z] Log level: Info
[2022-08-03T16:00:35.120Z] [info] Validating found git in: git
[2022-08-03T16:00:37.451Z] [info] Using git 2.25.1 from git
[2022-08-03T16:00:39.562Z] > git rev-parse --show-toplevel [177ms]
[2022-08-03T16:00:42.361Z] > git rev-parse --git-dir --git-common-dir [356ms]
[2022-08-03T16:00:42.424Z] [info] Open repository: /home/masu/phase-0-html-experiencing-html-lab
[2022-08-03T16:00:45.432Z] > git status -z -uall [639ms]
[2022-08-03T16:00:50.034Z] > git check-ignore -v -z --stdin [172ms]
[2022-08-03T16:00:50.042Z] > git symbolic-ref --short HEAD [2547ms]
[2022-08-03T16:00:52.664Z] > git for-each-ref --format=%(refname)%00%(upstream:short)%00%(objectname)%00%(upstream:track)%00%(upstream:remotename)%00%(upstream:remoteref) refs/heads/master refs/remotes/master [37ms]
[2022-08-03T16:00:57.300Z] > git remote --verbose [47ms]
[2022-08-03T16:00:57.302Z] > git for-each-ref --sort -committerdate --format %(refname) %(objectname) %(*objectname) [2539ms]
[2022-08-03T16:00:59.673Z] > git config --get commit.template [41ms]
[2022-08-03T16:01:02.089Z] > git status -z -uall [105ms]
[2022-08-03T16:01:04.592Z] > git symbolic-ref --short HEAD [103ms]
[2022-08-03T16:01:09.325Z] > git for-each-ref --format=%(refname)%00%(upstream:short)%00%(objectname)%00%(upstream:track)%00%(upstream:remotename)%00%(upstream:remoteref) refs/heads/master refs/remotes/master [2378ms]
[2022-08-03T16:01:13.934Z] > git remote --verbose [47ms]
[2022-08-03T16:01:13.936Z] > git for-each-ref --sort -committerdate --format %(refname) %(objectname) %(*objectname) [2204ms]
[2022-08-03T16:01:16.532Z] > git config --get commit.template [78ms]
[2022-08-03T20:01:54.842Z] > git check-ignore -v -z --stdin [2266ms]
[2022-08-03T20:01:57.062Z] > git status -z -uall [2228ms]
[2022-08-03T20:02:00.334Z] > git symbolic-ref --short HEAD [1126ms]
[2022-08-03T20:02:02.451Z] > git for-each-ref --format=%(refname)%00%(upstream:short)%00%(objectname)%00%(upstream:track)%00%(upstream:remotename)%00%(upstream:remoteref) refs/heads/master refs/remotes/master [50ms]
[2022-08-03T20:02:06.693Z] > git for-each-ref --sort -committerdate --format %(refname) %(objectname) %(*objectname) [2139ms]
[2022-08-03T20:02:06.704Z] > git remote --verbose [43ms]
[2022-08-03T20:02:08.854Z] > git config --get commit.template [36ms]
[2022-08-03T20:02:33.599Z] > git status -z -uall [33ms]
[2022-08-03T20:02:36.241Z] > git symbolic-ref --short HEAD [606ms]
[2022-08-03T20:02:38.414Z] > git for-each-ref --format=%(refname)%00%(upstream:short)%00%(objectname)%00%(upstream:track)%00%(upstream:remotename)%00%(upstream:remoteref) refs/heads/master refs/remotes/master [38ms]
[2022-08-03T20:02:42.559Z] > git remote --verbose [33ms]
[2022-08-03T20:02:42.561Z] > git for-each-ref --sort -committerdate --format %(refname) %(objectname) %(*objectname) [2056ms]
[2022-08-03T20:02:44.762Z] > git config --get commit.template [25ms]
[2022-08-03T20:04:03.819Z] > git status -z -uall [2342ms]
[2022-08-03T20:04:06.719Z] > git check-ignore -v -z --stdin [2906ms]
[2022-08-03T20:04:06.742Z] > git symbolic-ref --short HEAD [621ms]
[2022-08-03T20:04:08.820Z] > git for-each-ref --format=%(refname)%00%(upstream:short)%00%(objectname)%00%(upstream:track)%00%(upstream:remotename)%00%(upstream:remoteref) refs/heads/master refs/remotes/master [32ms]
[2022-08-03T20:04:13.051Z] > git for-each-ref --sort -committerdate --format %(refname) %(objectname) %(*objectname) [2149ms]
[2022-08-03T20:04:13.114Z] > git remote --verbose [71ms]
[2022-08-03T20:04:19.528Z] > git config --get commit.template [37ms]
[2022-08-03T20:04:27.401Z] > git show --textconv :my_list.txt [2620ms]
[2022-08-03T20:04:27.423Z] > git ls-files --stage -- /home/masu/phase-0-html-experiencing-html-lab/my_list.txt [69ms]
[2022-08-03T20:06:50.801Z] > git status -z -uall [103ms]
[2022-08-03T20:06:52.941Z] > git symbolic-ref --short HEAD [19ms]
[2022-08-03T20:06:54.779Z] > git for-each-ref --format=%(refname)%00%(upstream:short)%00%(objectname)%00%(upstream:track)%00%(upstream:remotename)%00%(upstream:remoteref) refs/heads/master refs/remotes/master [21ms]
[2022-08-03T20:06:58.339Z] > git for-each-ref --sort -committerdate --format %(refname) %(objectname) %(*objectname) [1785ms]
[2022-08-03T20:06:58.355Z] > git remote --verbose [31ms]
[2022-08-03T20:07:00.222Z] > git config --get commit.template [18ms]
[2022-08-03T20:13:08.733Z] > git check-ignore -v -z --stdin [43ms]
[2022-08-03T20:13:34.323Z] > git status -z -uall [60ms]
[2022-08-03T20:13:36.103Z] > git symbolic-ref --short HEAD [15ms]
[2022-08-03T20:13:37.908Z] > git for-each-ref --format=%(refname)%00%(upstream:short)%00%(objectname)%00%(upstream:track)%00%(upstream:remotename)%00%(upstream:remoteref) refs/heads/master refs/remotes/master [20ms]
[2022-08-03T20:13:42.162Z] > git for-each-ref --sort -committerdate --format %(refname) %(objectname) %(*objectname) [2358ms]
[2022-08-03T20:13:42.171Z] > git remote --verbose [33ms]
[2022-08-03T20:13:42.251Z] > git config --get commit.template [16ms]
[2022-08-03T20:13:55.960Z] > git show --textconv :my_list.txt [2287ms]
[2022-08-03T20:13:55.962Z] > git ls-files --stage -- /home/masu/phase-0-html-experiencing-html-lab/my_list.txt [122ms]
[2022-08-03T20:13:59.642Z] > git show --textconv :my_list.html [1816ms]
[2022-08-03T20:13:59.697Z] > git ls-files --stage -- /home/masu/phase-0-html-experiencing-html-lab/my_list.html [76ms]
[2022-08-03T20:14:06.849Z] > git status -z -uall [29ms]
[2022-08-03T20:14:08.880Z] > git symbolic-ref --short HEAD [68ms]
[2022-08-03T20:14:11.019Z] > git for-each-ref --format=%(refname)%00%(upstream:short)%00%(objectname)%00%(upstream:track)%00%(upstream:remotename)%00%(upstream:remoteref) refs/heads/master refs/remotes/master [24ms]
[2022-08-03T20:14:14.679Z] > git for-each-ref --sort -committerdate --format %(refname) %(objectname) %(*objectname) [1786ms]
[2022-08-03T20:14:14.691Z] > git remote --verbose [20ms]
[2022-08-03T20:14:16.510Z] > git config --get commit.template [29ms]
[2022-08-03T20:23:40.760Z] > git status -z -uall [96ms]
[2022-08-03T20:23:42.724Z] > git symbolic-ref --short HEAD [50ms]
[2022-08-03T20:23:44.699Z] > git for-each-ref --format=%(refname)%00%(upstream:short)%00%(objectname)%00%(upstream:track)%00%(upstream:remotename)%00%(upstream:remoteref) refs/heads/master refs/remotes/master [63ms]
[2022-08-03T20:23:48.413Z] > git for-each-ref --sort -committerdate --format %(refname) %(objectname) %(*objectname) [1849ms]
[2022-08-03T20:23:48.423Z] > git remote --verbose [73ms]
[2022-08-03T20:23:50.338Z] > git config --get commit.template [47ms]
[2022-08-03T20:23:57.830Z] > git status -z -uall [152ms]
[2022-08-03T20:23:59.961Z] > git symbolic-ref --short HEAD [41ms]
[2022-08-03T20:24:01.980Z] > git for-each-ref --format=%(refname)%00%(upstream:short)%00%(objectname)%00%(upstream:track)%00%(upstream:remotename)%00%(upstream:remoteref) refs/heads/master refs/remotes/master [73ms]
[2022-08-03T20:24:05.721Z] > git for-each-ref --sort -committerdate --format %(refname) %(objectname) %(*objectname) [1839ms]
[2022-08-03T20:24:05.728Z] > git remote --verbose [77ms]
[2022-08-03T20:24:07.661Z] > git config --get commit.template [85ms]
[2022-08-03T20:24:14.632Z] > git status -z -uall [52ms]
[2022-08-03T20:24:16.456Z] > git symbolic-ref --short HEAD [21ms]
[2022-08-03T20:24:18.319Z] > git for-each-ref --format=%(refname)%00%(upstream:short)%00%(objectname)%00%(upstream:track)%00%(upstream:remotename)%00%(upstream:remoteref) refs/heads/master refs/remotes/master [54ms]
[2022-08-03T20:24:21.950Z] > git for-each-ref --sort -committerdate --format %(refname) %(objectname) %(*objectname) [1832ms]
[2022-08-03T20:24:21.960Z] > git remote --verbose [36ms]
[2022-08-03T20:24:23.839Z] > git config --get commit.template [56ms]
[2022-08-03T20:24:30.701Z] > git status -z -uall [70ms]
[2022-08-03T20:24:32.720Z] > git symbolic-ref --short HEAD [150ms]
[2022-08-03T20:24:34.593Z] > git for-each-ref --format=%(refname)%00%(upstream:short)%00%(objectname)%00%(upstream:track)%00%(upstream:remotename)%00%(upstream:remoteref) refs/heads/master refs/remotes/master [50ms]
[2022-08-03T20:24:38.211Z] > git for-each-ref --sort -committerdate --format %(refname) %(objectname) %(*objectname) [1811ms]
[2022-08-03T20:24:38.244Z] > git remote --verbose [83ms]
[2022-08-03T20:24:40.731Z] > git config --get commit.template [43ms]
[2022-08-03T20:24:47.736Z] > git status -z -uall [56ms]
[2022-08-03T20:24:49.571Z] > git symbolic-ref --short HEAD [34ms]
[2022-08-03T20:24:51.579Z] > git for-each-ref --format=%(refname)%00%(upstream:short)%00%(objectname)%00%(upstream:track)%00%(upstream:remotename)%00%(upstream:remoteref) refs/heads/master refs/remotes/master [54ms]
[2022-08-03T20:24:55.365Z] > git for-each-ref --sort -committerdate --format %(refname) %(objectname) %(*objectname) [1920ms]
[2022-08-03T20:24:55.370Z] > git remote --verbose [70ms]
[2022-08-03T20:24:57.226Z] > git config --get commit.template [47ms]
[2022-08-03T20:25:04.125Z] > git status -z -uall [59ms]
[2022-08-03T20:25:06.169Z] > git symbolic-ref --short HEAD [34ms]
[2022-08-03T20:25:08.414Z] > git for-each-ref --format=%(refname)%00%(upstream:short)%00%(objectname)%00%(upstream:track)%00%(upstream:remotename)%00%(upstream:remoteref) refs/heads/master refs/remotes/master [32ms]
[2022-08-03T20:25:11.913Z] > git for-each-ref --sort -committerdate --format %(refname) %(objectname) %(*objectname) [1747ms]
[2022-08-03T20:25:11.917Z] > git remote --verbose [16ms]
[2022-08-03T20:25:13.712Z] > git config --get commit.template [21ms]
[2022-08-03T20:26:19.340Z] > git status -z -uall [66ms]
[2022-08-03T20:26:21.272Z] > git symbolic-ref --short HEAD [72ms]
[2022-08-03T20:26:23.120Z] > git for-each-ref --format=%(refname)%00%(upstream:short)%00%(objectname)%00%(upstream:track)%00%(upstream:remotename)%00%(upstream:remoteref) refs/heads/master refs/remotes/master [40ms]
[2022-08-03T20:26:27.434Z] > git for-each-ref --sort -committerdate --format %(refname) %(objectname) %(*objectname) [2303ms]
[2022-08-03T20:26:27.525Z] > git remote --verbose [359ms]
[2022-08-03T20:26:29.768Z] > git config --get commit.template [22ms]
[2022-08-03T20:27:13.689Z] > git status -z -uall [60ms]
[2022-08-03T20:27:15.667Z] > git symbolic-ref --short HEAD [53ms]
[2022-08-03T20:27:17.795Z] > git for-each-ref --format=%(refname)%00%(upstream:short)%00%(objectname)%00%(upstream:track)%00%(upstream:remotename)%00%(upstream:remoteref) refs/heads/master refs/remotes/master [90ms]
[2022-08-03T20:27:21.828Z] > git for-each-ref --sort -committerdate --format %(refname) %(objectname) %(*objectname) [1878ms]
[2022-08-03T20:27:21.836Z] > git remote --verbose [22ms]
[2022-08-03T20:27:23.730Z] > git config --get commit.template [28ms]
[2022-08-03T20:28:05.534Z] > git status -z -uall [54ms]
[2022-08-03T20:28:07.675Z] > git symbolic-ref --short HEAD [21ms]
[2022-08-03T20:28:09.504Z] > git for-each-ref --format=%(refname)%00%(upstream:short)%00%(objectname)%00%(upstream:track)%00%(upstream:remotename)%00%(upstream:remoteref) refs/heads/master refs/remotes/master [24ms]
[2022-08-03T20:28:12.987Z] > git for-each-ref --sort -committerdate --format %(refname) %(objectname) %(*objectname) [1744ms]
[2022-08-03T20:28:12.998Z] > git remote --verbose [15ms]
[2022-08-03T20:28:14.781Z] > git config --get commit.template [21ms]
[2022-08-03T20:29:25.745Z] > git status -z -uall [44ms]
[2022-08-03T20:29:27.599Z] > git symbolic-ref --short HEAD [34ms]
[2022-08-03T20:29:29.579Z] > git for-each-ref --format=%(refname)%00%(upstream:short)%00%(objectname)%00%(upstream:track)%00%(upstream:remotename)%00%(upstream:remoteref) refs/heads/master refs/remotes/master [53ms]
[2022-08-03T20:29:33.302Z] > git for-each-ref --sort -committerdate --format %(refname) %(objectname) %(*objectname) [1906ms]
[2022-08-03T20:29:33.317Z] > git remote --verbose [47ms]
[2022-08-03T20:29:35.339Z] > git config --get commit.template [126ms]
[2022-08-03T20:29:42.203Z] > git status -z -uall [41ms]
[2022-08-03T20:29:44.130Z] > git symbolic-ref --short HEAD [48ms]
[2022-08-03T20:29:45.966Z] > git for-each-ref --format=%(refname)%00%(upstream:short)%00%(objectname)%00%(upstream:track)%00%(upstream:remotename)%00%(upstream:remoteref) refs/heads/master refs/remotes/master [36ms]
[2022-08-03T20:29:49.799Z] > git for-each-ref --sort -committerdate --format %(refname) %(objectname) %(*objectname) [1929ms]
[2022-08-03T20:29:49.827Z] > git remote --verbose [70ms]
[2022-08-03T20:29:51.709Z] > git config --get commit.template [26ms]
[2022-08-03T20:29:58.824Z] > git status -z -uall [39ms]
[2022-08-03T20:30:00.738Z] > git symbolic-ref --short HEAD [13ms]
[2022-08-03T20:30:02.613Z] > git for-each-ref --format=%(refname)%00%(upstream:short)%00%(objectname)%00%(upstream:track)%00%(upstream:remotename)%00%(upstream:remoteref) refs/heads/master refs/remotes/master [18ms]
[2022-08-03T20:30:06.094Z] > git for-each-ref --sort -committerdate --format %(refname) %(objectname) %(*objectname) [1737ms]
[2022-08-03T20:30:06.101Z] > git remote --verbose [12ms]
[2022-08-03T20:30:07.884Z] > git config --get commit.template [26ms]
[2022-08-03T20:30:56.897Z] > git status -z -uall [35ms]
[2022-08-03T20:30:58.673Z] > git symbolic-ref --short HEAD [15ms]
[2022-08-03T20:31:00.443Z] > git for-each-ref --format=%(refname)%00%(upstream:short)%00%(objectname)%00%(upstream:track)%00%(upstream:remotename)%00%(upstream:remoteref) refs/heads/master refs/remotes/master [15ms]
[2022-08-03T20:31:04.262Z] > git for-each-ref --sort -committerdate --format %(refname) %(objectname) %(*objectname) [1787ms]
[2022-08-03T20:31:04.271Z] > git remote --verbose [14ms]
[2022-08-03T20:31:06.259Z] > git config --get commit.template [26ms]
[2022-08-03T20:31:15.183Z] > git status -z -uall [65ms]
[2022-08-03T20:31:17.178Z] > git symbolic-ref --short HEAD [41ms]
[2022-08-03T20:31:18.993Z] > git for-each-ref --format=%(refname)%00%(upstream:short)%00%(objectname)%00%(upstream:track)%00%(upstream:remotename)%00%(upstream:remoteref) refs/heads/master refs/remotes/master [30ms]
[2022-08-03T20:31:23.443Z] > git for-each-ref --sort -committerdate --format %(refname) %(objectname) %(*objectname) [2474ms]
[2022-08-03T20:31:23.473Z] > git remote --verbose [66ms]
[2022-08-03T20:31:25.798Z] > git config --get commit.template [43ms]
[2022-08-03T20:34:56.183Z] > git status -z -uall [1822ms]
[2022-08-03T20:34:57.956Z] > git ls-files --stage -- /home/masu/phase-0-html-experiencing-html-lab/my_list.html [1782ms]
[2022-08-03T20:35:00.096Z] > git cat-file -s 8522291ebda739924780bc7943e9b5ce0966c4ad [68ms]
[2022-08-03T20:35:00.120Z] > git symbolic-ref --short HEAD [2171ms]
[2022-08-03T20:35:02.779Z] > git for-each-ref --format=%(refname)%00%(upstream:short)%00%(objectname)%00%(upstream:track)%00%(upstream:remotename)%00%(upstream:remoteref) refs/heads/master refs/remotes/master [49ms]
[2022-08-03T20:35:10.320Z] > git remote --verbose [2447ms]
[2022-08-03T20:35:10.321Z] > git for-each-ref --sort -committerdate --format %(refname) %(objectname) %(*objectname) [4831ms]
[2022-08-03T20:35:12.617Z] > git show --textconv :my_list.html [2307ms]
[2022-08-03T20:35:12.676Z] > git config --get commit.template [70ms]
[2022-08-03T20:35:23.070Z] > git status -z -uall [83ms]
[2022-08-03T20:35:28.477Z] > git symbolic-ref --short HEAD [2580ms]
[2022-08-03T20:35:31.041Z] > git ls-files --stage -- /home/masu/phase-0-html-experiencing-html-lab/my_list.html [2566ms]
[2022-08-03T20:35:33.592Z] > git cat-file -s 8522291ebda739924780bc7943e9b5ce0966c4ad [25ms]
[2022-08-03T20:35:33.597Z] > git for-each-ref --format=%(refname)%00%(upstream:short)%00%(objectname)%00%(upstream:track)%00%(upstream:remotename)%00%(upstream:remoteref) refs/heads/master refs/remotes/master [2620ms]
[2022-08-03T20:35:40.882Z] > git remote --verbose [2640ms]
[2022-08-03T20:35:40.884Z] > git for-each-ref --sort -committerdate --format %(refname) %(objectname) %(*objectname) [4947ms]
[2022-08-03T20:35:43.314Z] > git show --textconv :my_list.html [2436ms]
[2022-08-03T20:35:43.388Z] > git config --get commit.template [83ms]
[2022-08-03T20:36:11.439Z] > git status -z -uall [216ms]
[2022-08-03T20:36:14.232Z] > git symbolic-ref --short HEAD [64ms]
[2022-08-03T20:36:16.699Z] > git for-each-ref --format=%(refname)%00%(upstream:short)%00%(objectname)%00%(upstream:track)%00%(upstream:remotename)%00%(upstream:remoteref) refs/heads/master refs/remotes/master [59ms]
[2022-08-03T20:36:22.022Z] > git remote --verbose [165ms]
[2022-08-03T20:36:22.024Z] > git for-each-ref --sort -committerdate --format %(refname) %(objectname) %(*objectname) [2839ms]
[2022-08-03T20:36:27.009Z] > git config --get commit.template [53ms]
[2022-08-03T20:36:34.780Z] > git ls-files --stage -- /home/masu/phase-0-html-experiencing-html-lab/my_list.html [31ms]
[2022-08-03T20:36:37.099Z] > git cat-file -s 8522291ebda739924780bc7943e9b5ce0966c4ad [29ms]
[2022-08-03T20:36:39.299Z] > git show --textconv :my_list.html [20ms]
