[2022-08-03 10:07:34.762] [exthost] [info] Extension host with pid 2418 started
[2022-08-03 10:07:34.868] [exthost] [info] Lock '/home/masu/.vscode-server/data/User/workspaceStorage/29ea851af576ffc00da862fc7644bbbc/vscode.lock': Lock acquired.
[2022-08-03 10:08:04.506] [exthost] [info] ExtensionService#_doActivateExtension vscode.debug-auto-launch, startup: true, activationEvent: '*'
[2022-08-03 10:08:04.663] [exthost] [info] ExtensionService#_doActivateExtension vscode.git-base, startup: true, activationEvent: '*', root cause: vscode.git
[2022-08-03 10:08:04.693] [exthost] [info] ExtensionService#_doActivateExtension vscode.ipynb, startup: true, activationEvent: '*'
[2022-08-03 10:08:07.607] [exthost] [info] ExtensionService#_doActivateExtension vscode.git, startup: true, activationEvent: '*'
[2022-08-03 10:08:08.964] [exthost] [info] ExtensionService#_doActivateExtension vscode.github, startup: true, activationEvent: '*'
[2022-08-03 10:08:17.420] [exthost] [info] ExtensionService#_doActivateExtension vscode.emmet, startup: false, activationEvent: 'onStartupFinished'
[2022-08-03 10:08:17.556] [exthost] [info] ExtensionService#_doActivateExtension vscode.merge-conflict, startup: false, activationEvent: 'onStartupFinished'
[2022-08-03 10:08:17.588] [exthost] [info] Eager extensions activated
[2022-08-03 10:08:41.270] [exthost] [warning] [Decorations] CAPPING events from decorations provider vscode.git 3432
[2022-08-03 10:09:23.500] [exthost] [warning] [Decorations] CAPPING events from decorations provider vscode.git 3433
[2022-08-03 10:10:42.537] [exthost] [warning] [Decorations] CAPPING events from decorations provider vscode.git 3433
[2022-08-03 10:11:46.047] [exthost] [warning] [Decorations] CAPPING events from decorations provider vscode.git 3434
[2022-08-03 10:12:35.127] [exthost] [warning] [Decorations] CAPPING events from decorations provider vscode.git 3433
[2022-08-03 10:13:30.985] [exthost] [warning] [Decorations] CAPPING events from decorations provider vscode.git 3433
[2022-08-03 10:14:25.118] [exthost] [warning] [Decorations] CAPPING events from decorations provider vscode.git 3434
[2022-08-03 10:15:20.105] [exthost] [warning] [Decorations] CAPPING events from decorations provider vscode.git 3433
[2022-08-03 10:15:55.482] [exthost] [warning] [Decorations] CAPPING events from decorations provider vscode.git 3433
[2022-08-03 10:16:23.476] [exthost] [warning] [Decorations] CAPPING events from decorations provider vscode.git 3433
[2022-08-03 10:16:50.627] [exthost] [warning] [Decorations] CAPPING events from decorations provider vscode.git 3433
[2022-08-03 10:17:13.660] [exthost] [warning] [Decorations] CAPPING events from decorations provider vscode.git 3433
[2022-08-03 10:17:41.213] [exthost] [warning] [Decorations] CAPPING events from decorations provider vscode.git 3434
[2022-08-03 10:18:06.885] [exthost] [warning] [Decorations] CAPPING events from decorations provider vscode.git 3433
[2022-08-03 10:18:32.721] [exthost] [warning] [Decorations] CAPPING events from decorations provider vscode.git 3433
[2022-08-03 10:18:52.856] [exthost] [warning] [Decorations] CAPPING events from decorations provider vscode.git 3433
[2022-08-03 10:19:15.715] [exthost] [warning] [Decorations] CAPPING events from decorations provider vscode.git 3434
[2022-08-03 10:19:37.816] [exthost] [warning] [Decorations] CAPPING events from decorations provider vscode.git 3433
[2022-08-03 10:20:09.623] [exthost] [warning] [Decorations] CAPPING events from decorations provider vscode.git 3433
[2022-08-03 10:21:12.603] [exthost] [warning] [Decorations] CAPPING events from decorations provider vscode.git 3433
[2022-08-03 10:21:55.627] [exthost] [warning] [Decorations] CAPPING events from decorations provider vscode.git 3433
[2022-08-03 10:22:26.937] [exthost] [warning] [Decorations] CAPPING events from decorations provider vscode.git 3433
[2022-08-03 11:09:06.229] [exthost] [warning] [Decorations] CAPPING events from decorations provider vscode.git 3433
[2022-08-03 17:54:13.991] [exthost] [warning] [Decorations] CAPPING events from decorations provider vscode.git 3432
[2022-08-03 17:54:34.615] [exthost] [warning] [Decorations] CAPPING events from decorations provider vscode.git 3432
[2022-08-03 17:54:53.944] [exthost] [warning] [Decorations] CAPPING events from decorations provider vscode.git 3432
[2022-08-03 18:01:25.953] [exthost] [warning] [Decorations] CAPPING events from decorations provider vscode.git 3432
[2022-08-03 18:01:52.189] [exthost] [warning] [Decorations] CAPPING events from decorations provider vscode.git 3432
[2022-08-03 18:06:36.957] [exthost] [warning] [Decorations] CAPPING events from decorations provider vscode.git 3432
[2022-08-03 18:07:07.473] [exthost] [warning] [Decorations] CAPPING events from decorations provider vscode.git 3432
[2022-08-03 18:09:52.969] [exthost] [warning] [Decorations] CAPPING events from decorations provider vscode.git 3432
[2022-08-03 18:11:07.307] [exthost] [warning] [Decorations] CAPPING events from decorations provider vscode.git 3432
[2022-08-03 18:11:45.902] [exthost] [warning] [Decorations] CAPPING events from decorations provider vscode.git 3432
[2022-08-03 18:17:22.824] [exthost] [warning] [Decorations] CAPPING events from decorations provider vscode.git 3432
[2022-08-03 18:17:46.660] [exthost] [warning] [Decorations] CAPPING events from decorations provider vscode.git 3432
[2022-08-03 18:18:13.287] [exthost] [warning] [Decorations] CAPPING events from decorations provider vscode.git 3432
[2022-08-03 19:07:15.339] [exthost] [warning] [Decorations] CAPPING events from decorations provider vscode.git 3435
[2022-08-03 22:40:41.112] [exthost] [info] Extension host terminating: renderer disconnected for too long (2)
[2022-08-03 22:40:41.182] [exthost] [info] Lock '/home/masu/.vscode-server/data/User/workspaceStorage/29ea851af576ffc00da862fc7644bbbc/vscode.lock': Marking the lockfile as scheduled to be released in 6000 ms.
[2022-08-03 22:40:41.672] [exthost] [info] Extension host with pid 2418 exiting with code 0
