[2022-08-03T07:08:09.239Z] Log level: Info
[2022-08-03T07:08:09.305Z] [info] Validating found git in: git
[2022-08-03T07:08:14.549Z] [info] Using git 2.25.1 from git
[2022-08-03T07:08:17.627Z] > git rev-parse --show-toplevel [253ms]
[2022-08-03T07:08:20.005Z] > git rev-parse --git-dir --git-common-dir [42ms]
[2022-08-03T07:08:20.077Z] [info] Open repository: /home/masu
[2022-08-03T07:08:30.430Z] > git status -z -uall [7955ms]
[2022-08-03T07:08:33.085Z] > git symbolic-ref --short HEAD [60ms]
[2022-08-03T07:08:35.593Z] > git for-each-ref --format=%(refname)%00%(upstream:short)%00%(objectname)%00%(upstream:track)%00%(upstream:remotename)%00%(upstream:remoteref) refs/heads/master refs/remotes/master [108ms]
[2022-08-03T07:08:40.668Z] > git remote --verbose [212ms]
[2022-08-03T07:08:40.672Z] > git for-each-ref --sort -committerdate --format %(refname) %(objectname) %(*objectname) [2631ms]
[2022-08-03T07:08:56.637Z] > git config --get commit.template [3061ms]
[2022-08-03T07:09:01.600Z] > git check-ignore -v -z --stdin [5076ms]
[2022-08-03T07:09:08.636Z] > git status -z -uall [7415ms]
[2022-08-03T07:09:11.654Z] > git symbolic-ref --short HEAD [91ms]
[2022-08-03T07:09:14.664Z] > git for-each-ref --format=%(refname)%00%(upstream:short)%00%(objectname)%00%(upstream:track)%00%(upstream:remotename)%00%(upstream:remoteref) refs/heads/master refs/remotes/master [104ms]
[2022-08-03T07:09:20.525Z] > git remote --verbose [121ms]
[2022-08-03T07:09:20.551Z] > git for-each-ref --sort -committerdate --format %(refname) %(objectname) %(*objectname) [3112ms]
[2022-08-03T07:09:44.904Z] > git config --get commit.template [115ms]
[2022-08-03T07:10:29.621Z] > git status -z -uall [3282ms]
[2022-08-03T07:10:33.520Z] > git symbolic-ref --short HEAD [1314ms]
[2022-08-03T07:10:36.278Z] > git for-each-ref --format=%(refname)%00%(upstream:short)%00%(objectname)%00%(upstream:track)%00%(upstream:remotename)%00%(upstream:remoteref) refs/heads/master refs/remotes/master [26ms]
[2022-08-03T07:10:41.956Z] > git remote --verbose [220ms]
[2022-08-03T07:10:41.959Z] > git for-each-ref --sort -committerdate --format %(refname) %(objectname) %(*objectname) [3095ms]
[2022-08-03T07:11:17.106Z] > git config --get commit.template [880ms]
[2022-08-03T07:11:34.026Z] > git status -z -uall [2392ms]
[2022-08-03T07:11:36.836Z] > git symbolic-ref --short HEAD [20ms]
[2022-08-03T07:11:39.669Z] > git for-each-ref --format=%(refname)%00%(upstream:short)%00%(objectname)%00%(upstream:track)%00%(upstream:remotename)%00%(upstream:remoteref) refs/heads/master refs/remotes/master [80ms]
[2022-08-03T07:11:44.951Z] > git remote --verbose [38ms]
[2022-08-03T07:11:44.963Z] > git for-each-ref --sort -committerdate --format %(refname) %(objectname) %(*objectname) [2703ms]
[2022-08-03T07:12:06.643Z] > git config --get commit.template [2882ms]
[2022-08-03T07:12:24.512Z] > git status -z -uall [8008ms]
[2022-08-03T07:12:27.014Z] > git symbolic-ref --short HEAD [15ms]
[2022-08-03T07:12:29.579Z] > git for-each-ref --format=%(refname)%00%(upstream:short)%00%(objectname)%00%(upstream:track)%00%(upstream:remotename)%00%(upstream:remoteref) refs/heads/master refs/remotes/master [49ms]
[2022-08-03T07:12:34.663Z] > git for-each-ref --sort -committerdate --format %(refname) %(objectname) %(*objectname) [2538ms]
[2022-08-03T07:12:34.672Z] > git remote --verbose [60ms]
[2022-08-03T07:12:54.328Z] > git config --get commit.template [340ms]
[2022-08-03T07:13:19.818Z] > git status -z -uall [2614ms]
[2022-08-03T07:13:22.417Z] > git symbolic-ref --short HEAD [19ms]
[2022-08-03T07:13:24.776Z] > git for-each-ref --format=%(refname)%00%(upstream:short)%00%(objectname)%00%(upstream:track)%00%(upstream:remotename)%00%(upstream:remoteref) refs/heads/master refs/remotes/master [66ms]
[2022-08-03T07:13:30.609Z] > git remote --verbose [47ms]
[2022-08-03T07:13:30.612Z] > git for-each-ref --sort -committerdate --format %(refname) %(objectname) %(*objectname) [2930ms]
[2022-08-03T07:13:42.872Z] > git config --get commit.template [178ms]
[2022-08-03T07:14:13.158Z] > git status -z -uall [1596ms]
[2022-08-03T07:14:15.684Z] > git symbolic-ref --short HEAD [14ms]
[2022-08-03T07:14:18.307Z] > git for-each-ref --format=%(refname)%00%(upstream:short)%00%(objectname)%00%(upstream:track)%00%(upstream:remotename)%00%(upstream:remoteref) refs/heads/master refs/remotes/master [53ms]
[2022-08-03T07:14:24.726Z] > git remote --verbose [137ms]
[2022-08-03T07:14:24.729Z] > git for-each-ref --sort -committerdate --format %(refname) %(objectname) %(*objectname) [3572ms]
[2022-08-03T07:14:32.821Z] > git config --get commit.template [830ms]
[2022-08-03T07:15:09.628Z] > git status -z -uall [1857ms]
[2022-08-03T07:15:11.831Z] > git symbolic-ref --short HEAD [31ms]
[2022-08-03T07:15:14.409Z] > git for-each-ref --format=%(refname)%00%(upstream:short)%00%(objectname)%00%(upstream:track)%00%(upstream:remotename)%00%(upstream:remoteref) refs/heads/master refs/remotes/master [13ms]
[2022-08-03T07:15:19.461Z] > git for-each-ref --sort -committerdate --format %(refname) %(objectname) %(*objectname) [2678ms]
[2022-08-03T07:15:19.466Z] > git remote --verbose [376ms]
[2022-08-03T07:15:28.406Z] > git config --get commit.template [106ms]
[2022-08-03T07:15:43.873Z] > git status -z -uall [2134ms]
[2022-08-03T07:15:46.319Z] > git symbolic-ref --short HEAD [33ms]
[2022-08-03T07:15:48.670Z] > git for-each-ref --format=%(refname)%00%(upstream:short)%00%(objectname)%00%(upstream:track)%00%(upstream:remotename)%00%(upstream:remoteref) refs/heads/master refs/remotes/master [59ms]
[2022-08-03T07:15:55.190Z] > git remote --verbose [62ms]
[2022-08-03T07:15:55.195Z] > git for-each-ref --sort -committerdate --format %(refname) %(objectname) %(*objectname) [2150ms]
[2022-08-03T07:16:03.914Z] > git config --get commit.template [270ms]
[2022-08-03T07:16:14.127Z] > git status -z -uall [1160ms]
[2022-08-03T07:16:16.248Z] > git symbolic-ref --short HEAD [27ms]
[2022-08-03T07:16:18.559Z] > git for-each-ref --format=%(refname)%00%(upstream:short)%00%(objectname)%00%(upstream:track)%00%(upstream:remotename)%00%(upstream:remoteref) refs/heads/master refs/remotes/master [16ms]
[2022-08-03T07:16:23.241Z] > git remote --verbose [22ms]
[2022-08-03T07:16:23.243Z] > git for-each-ref --sort -committerdate --format %(refname) %(objectname) %(*objectname) [2362ms]
[2022-08-03T07:16:32.099Z] > git config --get commit.template [116ms]
[2022-08-03T07:16:40.740Z] > git status -z -uall [1328ms]
[2022-08-03T07:16:44.071Z] > git symbolic-ref --short HEAD [1094ms]
[2022-08-03T07:16:46.117Z] > git for-each-ref --format=%(refname)%00%(upstream:short)%00%(objectname)%00%(upstream:track)%00%(upstream:remotename)%00%(upstream:remoteref) refs/heads/master refs/remotes/master [28ms]
[2022-08-03T07:16:50.453Z] > git remote --verbose [27ms]
[2022-08-03T07:16:50.455Z] > git for-each-ref --sort -committerdate --format %(refname) %(objectname) %(*objectname) [2049ms]
[2022-08-03T07:16:56.789Z] > git config --get commit.template [75ms]
[2022-08-03T07:17:05.799Z] > git status -z -uall [1365ms]
[2022-08-03T07:17:07.735Z] > git symbolic-ref --short HEAD [34ms]
[2022-08-03T07:17:09.615Z] > git for-each-ref --format=%(refname)%00%(upstream:short)%00%(objectname)%00%(upstream:track)%00%(upstream:remotename)%00%(upstream:remoteref) refs/heads/master refs/remotes/master [21ms]
[2022-08-03T07:17:13.545Z] > git for-each-ref --sort -committerdate --format %(refname) %(objectname) %(*objectname) [1820ms]
[2022-08-03T07:17:13.546Z] > git remote --verbose [17ms]
[2022-08-03T07:17:20.954Z] > git config --get commit.template [118ms]
[2022-08-03T07:17:31.714Z] > git status -z -uall [2538ms]
[2022-08-03T07:17:34.048Z] > git symbolic-ref --short HEAD [54ms]
[2022-08-03T07:17:36.203Z] > git for-each-ref --format=%(refname)%00%(upstream:short)%00%(objectname)%00%(upstream:track)%00%(upstream:remotename)%00%(upstream:remoteref) refs/heads/master refs/remotes/master [27ms]
[2022-08-03T07:17:40.979Z] > git remote --verbose [75ms]
[2022-08-03T07:17:40.980Z] > git for-each-ref --sort -committerdate --format %(refname) %(objectname) %(*objectname) [2711ms]
[2022-08-03T07:17:47.798Z] > git config --get commit.template [93ms]
[2022-08-03T07:17:56.105Z] > git status -z -uall [1099ms]
[2022-08-03T07:17:59.840Z] > git symbolic-ref --short HEAD [1882ms]
[2022-08-03T07:18:02.449Z] > git for-each-ref --format=%(refname)%00%(upstream:short)%00%(objectname)%00%(upstream:track)%00%(upstream:remotename)%00%(upstream:remoteref) refs/heads/master refs/remotes/master [36ms]
[2022-08-03T07:18:06.753Z] > git remote --verbose [19ms]
[2022-08-03T07:18:06.754Z] > git for-each-ref --sort -committerdate --format %(refname) %(objectname) %(*objectname) [2041ms]
[2022-08-03T07:18:14.965Z] > git config --get commit.template [97ms]
[2022-08-03T07:18:24.640Z] > git status -z -uall [2004ms]
[2022-08-03T07:18:26.748Z] > git symbolic-ref --short HEAD [19ms]
[2022-08-03T07:18:28.924Z] > git for-each-ref --format=%(refname)%00%(upstream:short)%00%(objectname)%00%(upstream:track)%00%(upstream:remotename)%00%(upstream:remoteref) refs/heads/master refs/remotes/master [9ms]
[2022-08-03T07:18:32.577Z] > git for-each-ref --sort -committerdate --format %(refname) %(objectname) %(*objectname) [1741ms]
[2022-08-03T07:18:32.581Z] > git remote --verbose [21ms]
[2022-08-03T07:18:37.798Z] > git config --get commit.template [55ms]
[2022-08-03T07:18:45.654Z] > git status -z -uall [1046ms]
[2022-08-03T07:18:47.529Z] > git symbolic-ref --short HEAD [20ms]
[2022-08-03T07:18:49.230Z] > git for-each-ref --format=%(refname)%00%(upstream:short)%00%(objectname)%00%(upstream:track)%00%(upstream:remotename)%00%(upstream:remoteref) refs/heads/master refs/remotes/master [16ms]
[2022-08-03T07:18:52.765Z] > git remote --verbose [22ms]
[2022-08-03T07:18:52.766Z] > git for-each-ref --sort -committerdate --format %(refname) %(objectname) %(*objectname) [1758ms]
[2022-08-03T07:18:57.612Z] > git config --get commit.template [174ms]
[2022-08-03T07:19:07.350Z] > git status -z -uall [2398ms]
[2022-08-03T07:19:10.080Z] > git symbolic-ref --short HEAD [13ms]
[2022-08-03T07:19:11.966Z] > git for-each-ref --format=%(refname)%00%(upstream:short)%00%(objectname)%00%(upstream:track)%00%(upstream:remotename)%00%(upstream:remoteref) refs/heads/master refs/remotes/master [26ms]
[2022-08-03T07:19:15.585Z] > git for-each-ref --sort -committerdate --format %(refname) %(objectname) %(*objectname) [1790ms]
[2022-08-03T07:19:15.602Z] > git remote --verbose [27ms]
[2022-08-03T07:19:21.581Z] > git config --get commit.template [59ms]
[2022-08-03T07:19:30.440Z] > git status -z -uall [1143ms]
[2022-08-03T07:19:32.325Z] > git symbolic-ref --short HEAD [24ms]
[2022-08-03T07:19:34.165Z] > git for-each-ref --format=%(refname)%00%(upstream:short)%00%(objectname)%00%(upstream:track)%00%(upstream:remotename)%00%(upstream:remoteref) refs/heads/master refs/remotes/master [21ms]
[2022-08-03T07:19:37.756Z] > git for-each-ref --sort -committerdate --format %(refname) %(objectname) %(*objectname) [1732ms]
[2022-08-03T07:19:37.761Z] > git remote --verbose [11ms]
[2022-08-03T07:19:43.925Z] > git config --get commit.template [3773ms]
[2022-08-03T07:19:59.101Z] > git status -z -uall [1487ms]
[2022-08-03T07:20:02.879Z] > git symbolic-ref --short HEAD [38ms]
[2022-08-03T07:20:04.928Z] > git for-each-ref --format=%(refname)%00%(upstream:short)%00%(objectname)%00%(upstream:track)%00%(upstream:remotename)%00%(upstream:remoteref) refs/heads/master refs/remotes/master [12ms]
[2022-08-03T07:20:09.069Z] > git for-each-ref --sort -committerdate --format %(refname) %(objectname) %(*objectname) [2230ms]
[2022-08-03T07:20:09.126Z] > git remote --verbose [115ms]
[2022-08-03T07:20:18.467Z] > git config --get commit.template [85ms]
[2022-08-03T07:21:04.537Z] > git status -z -uall [977ms]
[2022-08-03T07:21:06.646Z] > git symbolic-ref --short HEAD [12ms]
[2022-08-03T07:21:08.515Z] > git for-each-ref --format=%(refname)%00%(upstream:short)%00%(objectname)%00%(upstream:track)%00%(upstream:remotename)%00%(upstream:remoteref) refs/heads/master refs/remotes/master [13ms]
[2022-08-03T07:21:12.334Z] > git remote --verbose [67ms]
[2022-08-03T07:21:12.335Z] > git for-each-ref --sort -committerdate --format %(refname) %(objectname) %(*objectname) [2109ms]
[2022-08-03T07:21:18.156Z] > git config --get commit.template [65ms]
[2022-08-03T07:21:48.261Z] > git status -z -uall [849ms]
[2022-08-03T07:21:50.229Z] > git symbolic-ref --short HEAD [20ms]
[2022-08-03T07:21:51.951Z] > git for-each-ref --format=%(refname)%00%(upstream:short)%00%(objectname)%00%(upstream:track)%00%(upstream:remotename)%00%(upstream:remoteref) refs/heads/master refs/remotes/master [16ms]
[2022-08-03T07:21:55.492Z] > git for-each-ref --sort -committerdate --format %(refname) %(objectname) %(*objectname) [1779ms]
[2022-08-03T07:21:55.503Z] > git remote --verbose [19ms]
[2022-08-03T07:22:00.484Z] > git config --get commit.template [51ms]
[2022-08-03T07:22:16.963Z] > git status -z -uall [1029ms]
[2022-08-03T07:22:19.197Z] > git symbolic-ref --short HEAD [50ms]
[2022-08-03T07:22:21.548Z] > git for-each-ref --format=%(refname)%00%(upstream:short)%00%(objectname)%00%(upstream:track)%00%(upstream:remotename)%00%(upstream:remoteref) refs/heads/master refs/remotes/master [23ms]
[2022-08-03T07:22:26.789Z] > git for-each-ref --sort -committerdate --format %(refname) %(objectname) %(*objectname) [1900ms]
[2022-08-03T07:22:26.792Z] > git remote --verbose [14ms]
[2022-08-03T07:22:35.514Z] > git config --get commit.template [106ms]
[2022-08-03T08:08:54.780Z] > git status -z -uall [5000ms]
[2022-08-03T08:08:57.417Z] > git symbolic-ref --short HEAD [22ms]
[2022-08-03T08:09:00.403Z] > git for-each-ref --format=%(refname)%00%(upstream:short)%00%(objectname)%00%(upstream:track)%00%(upstream:remotename)%00%(upstream:remoteref) refs/heads/master refs/remotes/master [311ms]
[2022-08-03T08:09:05.484Z] > git for-each-ref --sort -committerdate --format %(refname) %(objectname) %(*objectname) [2488ms]
[2022-08-03T08:09:05.532Z] > git remote --verbose [66ms]
[2022-08-03T08:09:18.596Z] > git config --get commit.template [126ms]
[2022-08-03T14:54:05.334Z] > git status -z -uall [2440ms]
[2022-08-03T14:54:07.172Z] > git symbolic-ref --short HEAD [27ms]
[2022-08-03T14:54:08.906Z] > git for-each-ref --format=%(refname)%00%(upstream:short)%00%(objectname)%00%(upstream:track)%00%(upstream:remotename)%00%(upstream:remoteref) refs/heads/master refs/remotes/master [17ms]
[2022-08-03T14:54:13.810Z] > git for-each-ref --sort -committerdate --format %(refname) %(objectname) %(*objectname) [1879ms]
[2022-08-03T14:54:13.818Z] > git remote --verbose [21ms]
[2022-08-03T14:54:19.549Z] > git config --get commit.template [49ms]
[2022-08-03T14:54:27.571Z] > git status -z -uall [1197ms]
[2022-08-03T14:54:29.334Z] > git symbolic-ref --short HEAD [14ms]
[2022-08-03T14:54:31.075Z] > git for-each-ref --format=%(refname)%00%(upstream:short)%00%(objectname)%00%(upstream:track)%00%(upstream:remotename)%00%(upstream:remoteref) refs/heads/master refs/remotes/master [14ms]
[2022-08-03T14:54:34.507Z] > git for-each-ref --sort -committerdate --format %(refname) %(objectname) %(*objectname) [1700ms]
[2022-08-03T14:54:34.514Z] > git remote --verbose [12ms]
[2022-08-03T14:54:39.102Z] > git config --get commit.template [55ms]
[2022-08-03T14:54:46.777Z] > git status -z -uall [858ms]
[2022-08-03T14:54:48.493Z] > git symbolic-ref --short HEAD [7ms]
[2022-08-03T14:54:50.360Z] > git for-each-ref --format=%(refname)%00%(upstream:short)%00%(objectname)%00%(upstream:track)%00%(upstream:remotename)%00%(upstream:remoteref) refs/heads/master refs/remotes/master [19ms]
[2022-08-03T14:54:53.835Z] > git for-each-ref --sort -committerdate --format %(refname) %(objectname) %(*objectname) [1764ms]
[2022-08-03T14:54:53.841Z] > git remote --verbose [21ms]
[2022-08-03T14:55:01.183Z] > git config --get commit.template [86ms]
[2022-08-03T15:01:18.039Z] > git status -z -uall [4215ms]
[2022-08-03T15:01:20.093Z] > git symbolic-ref --short HEAD [31ms]
[2022-08-03T15:01:22.167Z] > git for-each-ref --format=%(refname)%00%(upstream:short)%00%(objectname)%00%(upstream:track)%00%(upstream:remotename)%00%(upstream:remoteref) refs/heads/master refs/remotes/master [17ms]
[2022-08-03T15:01:25.795Z] > git remote --verbose [27ms]
[2022-08-03T15:01:25.798Z] > git for-each-ref --sort -committerdate --format %(refname) %(objectname) %(*objectname) [1803ms]
[2022-08-03T15:01:31.482Z] > git config --get commit.template [56ms]
[2022-08-03T15:01:40.572Z] > git status -z -uall [806ms]
[2022-08-03T15:01:42.316Z] > git symbolic-ref --short HEAD [13ms]
[2022-08-03T15:01:47.454Z] > git for-each-ref --format=%(refname)%00%(upstream:short)%00%(objectname)%00%(upstream:track)%00%(upstream:remotename)%00%(upstream:remoteref) refs/heads/master refs/remotes/master [11ms]
[2022-08-03T15:01:52.108Z] > git for-each-ref --sort -committerdate --format %(refname) %(objectname) %(*objectname) [1779ms]
[2022-08-03T15:01:52.109Z] > git remote --verbose [22ms]
[2022-08-03T15:01:58.085Z] > git config --get commit.template [61ms]
[2022-08-03T15:06:28.870Z] > git status -z -uall [3330ms]
[2022-08-03T15:06:30.848Z] > git symbolic-ref --short HEAD [21ms]
[2022-08-03T15:06:32.892Z] > git for-each-ref --format=%(refname)%00%(upstream:short)%00%(objectname)%00%(upstream:track)%00%(upstream:remotename)%00%(upstream:remoteref) refs/heads/master refs/remotes/master [31ms]
[2022-08-03T15:06:36.731Z] > git for-each-ref --sort -committerdate --format %(refname) %(objectname) %(*objectname) [1916ms]
[2022-08-03T15:06:36.736Z] > git remote --verbose [29ms]
[2022-08-03T15:06:43.336Z] > git config --get commit.template [96ms]
[2022-08-03T15:06:56.960Z] > git status -z -uall [5332ms]
[2022-08-03T15:06:59.529Z] > git symbolic-ref --short HEAD [30ms]
[2022-08-03T15:07:01.975Z] > git for-each-ref --format=%(refname)%00%(upstream:short)%00%(objectname)%00%(upstream:track)%00%(upstream:remotename)%00%(upstream:remoteref) refs/heads/master refs/remotes/master [71ms]
[2022-08-03T15:07:06.939Z] > git remote --verbose [21ms]
[2022-08-03T15:07:06.941Z] > git for-each-ref --sort -committerdate --format %(refname) %(objectname) %(*objectname) [2476ms]
[2022-08-03T15:07:13.927Z] > git config --get commit.template [116ms]
[2022-08-03T15:09:45.408Z] > git status -z -uall [1355ms]
[2022-08-03T15:09:47.244Z] > git symbolic-ref --short HEAD [28ms]
[2022-08-03T15:09:49.312Z] > git for-each-ref --format=%(refname)%00%(upstream:short)%00%(objectname)%00%(upstream:track)%00%(upstream:remotename)%00%(upstream:remoteref) refs/heads/master refs/remotes/master [22ms]
[2022-08-03T15:09:52.844Z] > git for-each-ref --sort -committerdate --format %(refname) %(objectname) %(*objectname) [1742ms]
[2022-08-03T15:09:52.859Z] > git remote --verbose [23ms]
[2022-08-03T15:09:59.283Z] > git config --get commit.template [4097ms]
[2022-08-03T15:10:50.988Z] > git status -z -uall [8874ms]
[2022-08-03T15:10:55.567Z] > git symbolic-ref --short HEAD [727ms]
[2022-08-03T15:10:58.851Z] > git for-each-ref --format=%(refname)%00%(upstream:short)%00%(objectname)%00%(upstream:track)%00%(upstream:remotename)%00%(upstream:remoteref) refs/heads/master refs/remotes/master [218ms]
[2022-08-03T15:11:04.412Z] > git for-each-ref --sort -committerdate --format %(refname) %(objectname) %(*objectname) [2587ms]
[2022-08-03T15:11:06.884Z] > git remote --verbose [2479ms]
[2022-08-03T15:11:23.807Z] > git config --get commit.template [61ms]
[2022-08-03T15:11:38.448Z] > git status -z -uall [951ms]
[2022-08-03T15:11:40.225Z] > git symbolic-ref --short HEAD [14ms]
[2022-08-03T15:11:42.246Z] > git for-each-ref --format=%(refname)%00%(upstream:short)%00%(objectname)%00%(upstream:track)%00%(upstream:remotename)%00%(upstream:remoteref) refs/heads/master refs/remotes/master [30ms]
[2022-08-03T15:11:45.773Z] > git for-each-ref --sort -committerdate --format %(refname) %(objectname) %(*objectname) [1713ms]
[2022-08-03T15:11:45.784Z] > git remote --verbose [19ms]
[2022-08-03T15:11:50.919Z] > git config --get commit.template [78ms]
[2022-08-03T15:17:15.434Z] > git status -z -uall [1729ms]
[2022-08-03T15:17:17.211Z] > git symbolic-ref --short HEAD [23ms]
[2022-08-03T15:17:19.229Z] > git for-each-ref --format=%(refname)%00%(upstream:short)%00%(objectname)%00%(upstream:track)%00%(upstream:remotename)%00%(upstream:remoteref) refs/heads/master refs/remotes/master [20ms]
[2022-08-03T15:17:22.684Z] > git for-each-ref --sort -committerdate --format %(refname) %(objectname) %(*objectname) [1736ms]
[2022-08-03T15:17:22.689Z] > git remote --verbose [14ms]
[2022-08-03T15:17:28.266Z] > git config --get commit.template [182ms]
[2022-08-03T15:17:38.123Z] > git status -z -uall [2868ms]
[2022-08-03T15:17:40.377Z] > git symbolic-ref --short HEAD [17ms]
[2022-08-03T15:17:42.520Z] > git for-each-ref --format=%(refname)%00%(upstream:short)%00%(objectname)%00%(upstream:track)%00%(upstream:remotename)%00%(upstream:remoteref) refs/heads/master refs/remotes/master [17ms]
[2022-08-03T15:17:46.514Z] > git for-each-ref --sort -committerdate --format %(refname) %(objectname) %(*objectname) [2161ms]
[2022-08-03T15:17:46.517Z] > git remote --verbose [55ms]
[2022-08-03T15:17:52.235Z] > git config --get commit.template [97ms]
[2022-08-03T15:18:01.869Z] > git status -z -uall [2632ms]
[2022-08-03T15:18:04.075Z] > git symbolic-ref --short HEAD [27ms]
[2022-08-03T15:18:08.251Z] > git for-each-ref --format=%(refname)%00%(upstream:short)%00%(objectname)%00%(upstream:track)%00%(upstream:remotename)%00%(upstream:remoteref) refs/heads/master refs/remotes/master [122ms]
[2022-08-03T15:18:13.132Z] > git for-each-ref --sort -committerdate --format %(refname) %(objectname) %(*objectname) [2331ms]
[2022-08-03T15:18:13.139Z] > git remote --verbose [21ms]
[2022-08-03T15:18:22.403Z] > git config --get commit.template [123ms]
[2022-08-03T16:07:01.306Z] > git status -z -uall [24340ms]
[2022-08-03T16:07:03.809Z] > git symbolic-ref --short HEAD [82ms]
[2022-08-03T16:07:06.863Z] > git for-each-ref --format=%(refname)%00%(upstream:short)%00%(objectname)%00%(upstream:track)%00%(upstream:remotename)%00%(upstream:remoteref) refs/heads/master refs/remotes/master [32ms]
[2022-08-03T16:07:13.670Z] > git remote --verbose [76ms]
[2022-08-03T16:07:13.674Z] > git for-each-ref --sort -committerdate --format %(refname) %(objectname) %(*objectname) [3948ms]
[2022-08-03T16:07:48.540Z] > git config --get commit.template [229ms]
