[2022-08-04T08:08:33.619Z] Log level: Info
[2022-08-04T08:08:33.649Z] [info] Validating found git in: git
[2022-08-04T08:08:37.967Z] [info] Using git 2.25.1 from git
[2022-08-04T08:08:39.996Z] > git rev-parse --show-toplevel [191ms]
[2022-08-04T08:08:42.118Z] > git rev-parse --git-dir --git-common-dir [155ms]
[2022-08-04T08:08:42.185Z] [info] Open repository: /home/masu
[2022-08-04T08:08:53.477Z] > git status -z -uall [9170ms]
[2022-08-04T08:08:55.887Z] > git symbolic-ref --short HEAD [59ms]
[2022-08-04T08:08:58.438Z] > git for-each-ref --format=%(refname)%00%(upstream:short)%00%(objectname)%00%(upstream:track)%00%(upstream:remotename)%00%(upstream:remoteref) refs/heads/master refs/remotes/master [32ms]
[2022-08-04T08:09:03.436Z] > git remote --verbose [106ms]
[2022-08-04T08:09:03.458Z] > git for-each-ref --sort -committerdate --format %(refname) %(objectname) %(*objectname) [2598ms]
[2022-08-04T08:09:17.875Z] > git config --get commit.template [130ms]
[2022-08-04T08:09:22.891Z] > git status -z -uall [2439ms]
[2022-08-04T08:09:24.937Z] > git symbolic-ref --short HEAD [33ms]
[2022-08-04T08:09:27.171Z] > git for-each-ref --format=%(refname)%00%(upstream:short)%00%(objectname)%00%(upstream:track)%00%(upstream:remotename)%00%(upstream:remoteref) refs/heads/master refs/remotes/master [20ms]
[2022-08-04T08:09:32.117Z] > git remote --verbose [19ms]
[2022-08-04T08:09:32.127Z] > git for-each-ref --sort -committerdate --format %(refname) %(objectname) %(*objectname) [2447ms]
[2022-08-04T08:09:44.172Z] > git config --get commit.template [1870ms]
[2022-08-04T08:09:50.972Z] > git status -z -uall [2202ms]
[2022-08-04T08:09:53.402Z] > git symbolic-ref --short HEAD [27ms]
[2022-08-04T08:09:55.650Z] > git for-each-ref --format=%(refname)%00%(upstream:short)%00%(objectname)%00%(upstream:track)%00%(upstream:remotename)%00%(upstream:remoteref) refs/heads/master refs/remotes/master [35ms]
[2022-08-04T08:10:00.236Z] > git for-each-ref --sort -committerdate --format %(refname) %(objectname) %(*objectname) [2395ms]
[2022-08-04T08:10:00.245Z] > git remote --verbose [28ms]
[2022-08-04T08:10:10.378Z] > git config --get commit.template [161ms]
[2022-08-04T08:10:18.143Z] > git status -z -uall [961ms]
[2022-08-04T08:10:19.962Z] > git symbolic-ref --short HEAD [20ms]
[2022-08-04T08:10:21.748Z] > git for-each-ref --format=%(refname)%00%(upstream:short)%00%(objectname)%00%(upstream:track)%00%(upstream:remotename)%00%(upstream:remoteref) refs/heads/master refs/remotes/master [19ms]
[2022-08-04T08:10:25.298Z] > git for-each-ref --sort -committerdate --format %(refname) %(objectname) %(*objectname) [1763ms]
[2022-08-04T08:10:25.308Z] > git remote --verbose [17ms]
[2022-08-04T08:10:30.714Z] > git config --get commit.template [3464ms]
[2022-08-04T08:10:38.492Z] > git status -z -uall [1004ms]
[2022-08-04T08:10:40.487Z] > git symbolic-ref --short HEAD [22ms]
[2022-08-04T08:10:42.675Z] > git for-each-ref --format=%(refname)%00%(upstream:short)%00%(objectname)%00%(upstream:track)%00%(upstream:remotename)%00%(upstream:remoteref) refs/heads/master refs/remotes/master [26ms]
[2022-08-04T08:10:47.139Z] > git for-each-ref --sort -committerdate --format %(refname) %(objectname) %(*objectname) [2270ms]
[2022-08-04T08:10:47.147Z] > git remote --verbose [15ms]
[2022-08-04T08:10:53.800Z] > git config --get commit.template [71ms]
[2022-08-04T08:11:02.295Z] > git status -z -uall [1331ms]
[2022-08-04T08:11:04.525Z] > git symbolic-ref --short HEAD [23ms]
[2022-08-04T08:11:06.606Z] > git for-each-ref --format=%(refname)%00%(upstream:short)%00%(objectname)%00%(upstream:track)%00%(upstream:remotename)%00%(upstream:remoteref) refs/heads/master refs/remotes/master [18ms]
[2022-08-04T08:11:10.739Z] > git for-each-ref --sort -committerdate --format %(refname) %(objectname) %(*objectname) [2074ms]
[2022-08-04T08:11:10.751Z] > git remote --verbose [21ms]
[2022-08-04T08:11:17.520Z] > git config --get commit.template [116ms]
[2022-08-04T08:11:25.307Z] > git status -z -uall [1007ms]
[2022-08-04T08:11:27.132Z] > git symbolic-ref --short HEAD [27ms]
[2022-08-04T08:11:28.922Z] > git for-each-ref --format=%(refname)%00%(upstream:short)%00%(objectname)%00%(upstream:track)%00%(upstream:remotename)%00%(upstream:remoteref) refs/heads/master refs/remotes/master [24ms]
[2022-08-04T08:11:32.591Z] > git for-each-ref --sort -committerdate --format %(refname) %(objectname) %(*objectname) [1841ms]
[2022-08-04T08:11:32.599Z] > git remote --verbose [24ms]
[2022-08-04T08:11:37.755Z] > git config --get commit.template [3130ms]
[2022-08-04T08:11:47.346Z] > git status -z -uall [2299ms]
[2022-08-04T08:11:49.478Z] > git symbolic-ref --short HEAD [16ms]
[2022-08-04T08:11:51.428Z] > git for-each-ref --format=%(refname)%00%(upstream:short)%00%(objectname)%00%(upstream:track)%00%(upstream:remotename)%00%(upstream:remoteref) refs/heads/master refs/remotes/master [21ms]
[2022-08-04T08:11:55.206Z] > git for-each-ref --sort -committerdate --format %(refname) %(objectname) %(*objectname) [1901ms]
[2022-08-04T08:11:55.207Z] > git remote --verbose [19ms]
[2022-08-04T08:12:00.944Z] > git config --get commit.template [3546ms]
[2022-08-04T08:12:10.059Z] > git status -z -uall [1963ms]
[2022-08-04T08:12:12.122Z] > git symbolic-ref --short HEAD [33ms]
[2022-08-04T08:12:14.136Z] > git for-each-ref --format=%(refname)%00%(upstream:short)%00%(objectname)%00%(upstream:track)%00%(upstream:remotename)%00%(upstream:remoteref) refs/heads/master refs/remotes/master [20ms]
[2022-08-04T08:12:17.754Z] > git for-each-ref --sort -committerdate --format %(refname) %(objectname) %(*objectname) [1818ms]
[2022-08-04T08:12:17.758Z] > git remote --verbose [11ms]
[2022-08-04T08:12:22.899Z] > git config --get commit.template [3214ms]
[2022-08-04T08:12:31.519Z] > git status -z -uall [1583ms]
[2022-08-04T08:12:33.703Z] > git symbolic-ref --short HEAD [16ms]
[2022-08-04T08:12:35.647Z] > git for-each-ref --format=%(refname)%00%(upstream:short)%00%(objectname)%00%(upstream:track)%00%(upstream:remotename)%00%(upstream:remoteref) refs/heads/master refs/remotes/master [18ms]
[2022-08-04T08:12:39.410Z] > git remote --verbose [71ms]
[2022-08-04T08:12:39.412Z] > git for-each-ref --sort -committerdate --format %(refname) %(objectname) %(*objectname) [1963ms]
[2022-08-04T08:12:45.297Z] > git config --get commit.template [3691ms]
[2022-08-04T08:13:15.476Z] > git status -z -uall [1978ms]
[2022-08-04T08:13:17.968Z] > git symbolic-ref --short HEAD [179ms]
[2022-08-04T08:13:20.435Z] > git for-each-ref --format=%(refname)%00%(upstream:short)%00%(objectname)%00%(upstream:track)%00%(upstream:remotename)%00%(upstream:remoteref) refs/heads/master refs/remotes/master [35ms]
[2022-08-04T08:13:22.894Z] > git remote --verbose [210ms]
[2022-08-04T08:13:22.951Z] > git for-each-ref --sort -committerdate --format %(refname) %(objectname) %(*objectname) [2449ms]
[2022-08-04T08:13:29.892Z] > git config --get commit.template [117ms]
[2022-08-04T08:14:46.072Z] > git status -z -uall [1111ms]
[2022-08-04T08:14:47.940Z] > git symbolic-ref --short HEAD [64ms]
[2022-08-04T08:14:50.036Z] > git for-each-ref --format=%(refname)%00%(upstream:short)%00%(objectname)%00%(upstream:track)%00%(upstream:remotename)%00%(upstream:remoteref) refs/heads/master refs/remotes/master [18ms]
[2022-08-04T08:14:53.691Z] > git remote --verbose [8ms]
[2022-08-04T08:14:53.693Z] > git for-each-ref --sort -committerdate --format %(refname) %(objectname) %(*objectname) [1825ms]
[2022-08-04T08:14:58.915Z] > git config --get commit.template [56ms]
[2022-08-04T08:15:10.262Z] > git status -z -uall [1854ms]
[2022-08-04T08:15:12.086Z] > git symbolic-ref --short HEAD [16ms]
[2022-08-04T08:15:13.931Z] > git for-each-ref --format=%(refname)%00%(upstream:short)%00%(objectname)%00%(upstream:track)%00%(upstream:remotename)%00%(upstream:remoteref) refs/heads/master refs/remotes/master [24ms]
[2022-08-04T08:15:17.548Z] > git for-each-ref --sort -committerdate --format %(refname) %(objectname) %(*objectname) [1786ms]
[2022-08-04T08:15:17.565Z] > git remote --verbose [33ms]
[2022-08-04T08:15:22.911Z] > git config --get commit.template [66ms]
[2022-08-04T08:19:42.821Z] > git status -z -uall [4402ms]
[2022-08-04T08:19:44.811Z] > git symbolic-ref --short HEAD [28ms]
[2022-08-04T08:19:46.720Z] > git for-each-ref --format=%(refname)%00%(upstream:short)%00%(objectname)%00%(upstream:track)%00%(upstream:remotename)%00%(upstream:remoteref) refs/heads/master refs/remotes/master [11ms]
[2022-08-04T08:19:51.185Z] > git remote --verbose [31ms]
[2022-08-04T08:19:51.187Z] > git for-each-ref --sort -committerdate --format %(refname) %(objectname) %(*objectname) [2338ms]
[2022-08-04T08:19:59.137Z] > git config --get commit.template [74ms]
[2022-08-04T08:20:07.270Z] > git status -z -uall [1183ms]
[2022-08-04T08:20:09.374Z] > git symbolic-ref --short HEAD [24ms]
[2022-08-04T08:20:11.242Z] > git for-each-ref --format=%(refname)%00%(upstream:short)%00%(objectname)%00%(upstream:track)%00%(upstream:remotename)%00%(upstream:remoteref) refs/heads/master refs/remotes/master [19ms]
[2022-08-04T08:20:14.981Z] > git for-each-ref --sort -committerdate --format %(refname) %(objectname) %(*objectname) [1873ms]
[2022-08-04T08:20:14.992Z] > git remote --verbose [21ms]
[2022-08-04T08:20:20.861Z] > git config --get commit.template [72ms]
[2022-08-04T08:20:31.414Z] > git status -z -uall [3215ms]
[2022-08-04T08:20:33.960Z] > git symbolic-ref --short HEAD [34ms]
[2022-08-04T08:20:36.509Z] > git for-each-ref --format=%(refname)%00%(upstream:short)%00%(objectname)%00%(upstream:track)%00%(upstream:remotename)%00%(upstream:remoteref) refs/heads/master refs/remotes/master [30ms]
[2022-08-04T08:20:43.415Z] > git remote --verbose [55ms]
[2022-08-04T08:20:43.419Z] > git for-each-ref --sort -committerdate --format %(refname) %(objectname) %(*objectname) [4401ms]
[2022-08-04T08:20:56.011Z] > git config --get commit.template [2742ms]
[2022-08-04T08:20:56.057Z] > git check-ignore -v -z --stdin [120ms]
[2022-08-04T08:21:15.617Z] > git status -z -uall [1752ms]
[2022-08-04T08:21:17.692Z] > git symbolic-ref --short HEAD [26ms]
[2022-08-04T08:21:19.642Z] > git for-each-ref --format=%(refname)%00%(upstream:short)%00%(objectname)%00%(upstream:track)%00%(upstream:remotename)%00%(upstream:remoteref) refs/heads/master refs/remotes/master [14ms]
[2022-08-04T08:21:23.439Z] > git for-each-ref --sort -committerdate --format %(refname) %(objectname) %(*objectname) [1911ms]
[2022-08-04T08:21:23.442Z] > git remote --verbose [18ms]
[2022-08-04T08:21:29.429Z] > git config --get commit.template [83ms]
[2022-08-04T08:21:37.610Z] > git status -z -uall [1229ms]
[2022-08-04T08:21:39.511Z] > git symbolic-ref --short HEAD [21ms]
[2022-08-04T08:21:41.448Z] > git for-each-ref --format=%(refname)%00%(upstream:short)%00%(objectname)%00%(upstream:track)%00%(upstream:remotename)%00%(upstream:remoteref) refs/heads/master refs/remotes/master [18ms]
[2022-08-04T08:21:45.957Z] > git remote --verbose [30ms]
[2022-08-04T08:21:45.958Z] > git for-each-ref --sort -committerdate --format %(refname) %(objectname) %(*objectname) [2437ms]
[2022-08-04T08:21:55.568Z] > git config --get commit.template [147ms]
[2022-08-04T08:22:10.390Z] > git check-ignore -v -z --stdin [191ms]
[2022-08-04T08:22:10.417Z] > git status -z -uall [7447ms]
[2022-08-04T08:22:13.059Z] > git symbolic-ref --short HEAD [74ms]
[2022-08-04T08:22:15.901Z] > git for-each-ref --format=%(refname)%00%(upstream:short)%00%(objectname)%00%(upstream:track)%00%(upstream:remotename)%00%(upstream:remoteref) refs/heads/master refs/remotes/master [97ms]
[2022-08-04T08:22:22.918Z] > git remote --verbose [190ms]
[2022-08-04T08:22:22.919Z] > git for-each-ref --sort -committerdate --format %(refname) %(objectname) %(*objectname) [2894ms]
[2022-08-04T08:22:36.998Z] > git config --get commit.template [74ms]
[2022-08-04T08:22:50.778Z] > git status -z -uall [1179ms]
[2022-08-04T08:22:52.839Z] > git symbolic-ref --short HEAD [31ms]
[2022-08-04T08:22:55.300Z] > git for-each-ref --format=%(refname)%00%(upstream:short)%00%(objectname)%00%(upstream:track)%00%(upstream:remotename)%00%(upstream:remoteref) refs/heads/master refs/remotes/master [8ms]
[2022-08-04T08:22:59.920Z] > git remote --verbose [37ms]
[2022-08-04T08:22:59.922Z] > git for-each-ref --sort -committerdate --format %(refname) %(objectname) %(*objectname) [2243ms]
[2022-08-04T08:23:08.108Z] > git config --get commit.template [68ms]
[2022-08-04T08:23:19.718Z] > git status -z -uall [4725ms]
[2022-08-04T08:23:22.166Z] > git check-ignore -v -z --stdin [2563ms]
[2022-08-04T08:23:22.192Z] > git symbolic-ref --short HEAD [27ms]
[2022-08-04T08:23:24.480Z] > git for-each-ref --format=%(refname)%00%(upstream:short)%00%(objectname)%00%(upstream:track)%00%(upstream:remotename)%00%(upstream:remoteref) refs/heads/master refs/remotes/master [28ms]
[2022-08-04T08:23:28.255Z] > git for-each-ref --sort -committerdate --format %(refname) %(objectname) %(*objectname) [1889ms]
[2022-08-04T08:23:28.268Z] > git remote --verbose [33ms]
[2022-08-04T08:23:42.774Z] > git config --get commit.template [504ms]
[2022-08-04T08:23:53.296Z] > git check-ignore -v -z --stdin [8275ms]
[2022-08-04T08:23:53.298Z] > git show --textconv :phase-0-html-tag-lab/index.html [6393ms]
[2022-08-04T08:23:53.298Z] > git ls-files --stage -- /home/masu/phase-0-html-tag-lab/index.html [4456ms]
[2022-08-04T08:23:53.400Z] > git status -z -uall [2309ms]
[2022-08-04T08:23:55.608Z] > git symbolic-ref --short HEAD [177ms]
[2022-08-04T08:23:57.600Z] > git for-each-ref --format=%(refname)%00%(upstream:short)%00%(objectname)%00%(upstream:track)%00%(upstream:remotename)%00%(upstream:remoteref) refs/heads/master refs/remotes/master [79ms]
[2022-08-04T08:24:01.443Z] > git for-each-ref --sort -committerdate --format %(refname) %(objectname) %(*objectname) [2015ms]
[2022-08-04T08:24:01.450Z] > git remote --verbose [53ms]
[2022-08-04T08:24:07.429Z] > git config --get commit.template [249ms]
[2022-08-04T08:24:15.587Z] > git status -z -uall [1038ms]
[2022-08-04T08:24:17.633Z] > git symbolic-ref --short HEAD [27ms]
[2022-08-04T08:24:19.651Z] > git for-each-ref --format=%(refname)%00%(upstream:short)%00%(objectname)%00%(upstream:track)%00%(upstream:remotename)%00%(upstream:remoteref) refs/heads/master refs/remotes/master [41ms]
[2022-08-04T08:24:23.433Z] > git for-each-ref --sort -committerdate --format %(refname) %(objectname) %(*objectname) [1937ms]
[2022-08-04T08:24:23.437Z] > git remote --verbose [50ms]
[2022-08-04T08:24:29.025Z] > git config --get commit.template [138ms]
[2022-08-04T08:24:37.174Z] > git status -z -uall [1179ms]
[2022-08-04T08:24:39.192Z] > git symbolic-ref --short HEAD [27ms]
[2022-08-04T08:24:41.105Z] > git for-each-ref --format=%(refname)%00%(upstream:short)%00%(objectname)%00%(upstream:track)%00%(upstream:remotename)%00%(upstream:remoteref) refs/heads/master refs/remotes/master [34ms]
[2022-08-04T08:24:44.867Z] > git for-each-ref --sort -committerdate --format %(refname) %(objectname) %(*objectname) [1909ms]
[2022-08-04T08:24:44.872Z] > git remote --verbose [46ms]
[2022-08-04T08:24:50.466Z] > git config --get commit.template [3537ms]
[2022-08-04T08:24:58.667Z] > git status -z -uall [1259ms]
[2022-08-04T08:25:00.557Z] > git symbolic-ref --short HEAD [23ms]
[2022-08-04T08:25:02.466Z] > git for-each-ref --format=%(refname)%00%(upstream:short)%00%(objectname)%00%(upstream:track)%00%(upstream:remotename)%00%(upstream:remoteref) refs/heads/master refs/remotes/master [22ms]
[2022-08-04T08:25:06.167Z] > git for-each-ref --sort -committerdate --format %(refname) %(objectname) %(*objectname) [1862ms]
[2022-08-04T08:25:06.170Z] > git remote --verbose [24ms]
[2022-08-04T08:25:11.906Z] > git config --get commit.template [127ms]
[2022-08-04T08:25:19.777Z] > git status -z -uall [1038ms]
[2022-08-04T08:25:21.710Z] > git symbolic-ref --short HEAD [13ms]
[2022-08-04T08:25:23.658Z] > git for-each-ref --format=%(refname)%00%(upstream:short)%00%(objectname)%00%(upstream:track)%00%(upstream:remotename)%00%(upstream:remoteref) refs/heads/master refs/remotes/master [19ms]
[2022-08-04T08:25:28.030Z] > git for-each-ref --sort -committerdate --format %(refname) %(objectname) %(*objectname) [2066ms]
[2022-08-04T08:25:28.035Z] > git remote --verbose [46ms]
[2022-08-04T08:25:33.873Z] > git config --get commit.template [3847ms]
[2022-08-04T08:25:45.139Z] > git status -z -uall [1323ms]
[2022-08-04T08:25:47.049Z] > git symbolic-ref --short HEAD [23ms]
[2022-08-04T08:25:48.952Z] > git for-each-ref --format=%(refname)%00%(upstream:short)%00%(objectname)%00%(upstream:track)%00%(upstream:remotename)%00%(upstream:remoteref) refs/heads/master refs/remotes/master [34ms]
[2022-08-04T08:25:52.792Z] > git for-each-ref --sort -committerdate --format %(refname) %(objectname) %(*objectname) [1935ms]
[2022-08-04T08:25:52.944Z] > git remote --verbose [188ms]
[2022-08-04T08:25:58.803Z] > git config --get commit.template [128ms]
[2022-08-04T08:26:06.831Z] > git status -z -uall [1135ms]
[2022-08-04T08:26:09.060Z] > git symbolic-ref --short HEAD [31ms]
[2022-08-04T08:26:11.049Z] > git for-each-ref --format=%(refname)%00%(upstream:short)%00%(objectname)%00%(upstream:track)%00%(upstream:remotename)%00%(upstream:remoteref) refs/heads/master refs/remotes/master [44ms]
[2022-08-04T08:26:15.148Z] > git for-each-ref --sort -committerdate --format %(refname) %(objectname) %(*objectname) [2162ms]
[2022-08-04T08:26:15.164Z] > git remote --verbose [96ms]
[2022-08-04T08:26:21.875Z] > git config --get commit.template [84ms]
[2022-08-04T08:26:30.288Z] > git ls-files --stage -- /home/masu/phase-0-html-tag-lab/index.html [2485ms]
[2022-08-04T08:26:33.010Z] > git cat-file -s 948e5af24ea9035d9fa45553b1cd68c8592feaf8 [65ms]
[2022-08-04T08:26:33.131Z] > git status -z -uall [2849ms]
[2022-08-04T08:26:39.088Z] > git show --textconv :phase-0-html-tag-lab/index.html [28ms]
[2022-08-04T08:26:39.091Z] > git symbolic-ref --short HEAD [3371ms]
[2022-08-04T08:26:41.495Z] > git for-each-ref --format=%(refname)%00%(upstream:short)%00%(objectname)%00%(upstream:track)%00%(upstream:remotename)%00%(upstream:remoteref) refs/heads/master refs/remotes/master [70ms]
[2022-08-04T08:26:45.945Z] > git for-each-ref --sort -committerdate --format %(refname) %(objectname) %(*objectname) [2297ms]
[2022-08-04T08:26:45.965Z] > git remote --verbose [68ms]
[2022-08-04T08:26:54.639Z] > git config --get commit.template [663ms]
[2022-08-04T08:27:33.388Z] > git status -z -uall [3769ms]
[2022-08-04T08:27:35.835Z] > git ls-files --stage -- /home/masu/phase-0-html-tag-lab/index.html [2473ms]
[2022-08-04T08:27:38.148Z] > git cat-file -s 948e5af24ea9035d9fa45553b1cd68c8592feaf8 [35ms]
[2022-08-04T08:27:38.150Z] > git symbolic-ref --short HEAD [2317ms]
[2022-08-04T08:27:42.733Z] > git for-each-ref --format=%(refname)%00%(upstream:short)%00%(objectname)%00%(upstream:track)%00%(upstream:remotename)%00%(upstream:remoteref) refs/heads/master refs/remotes/master [2331ms]
[2022-08-04T08:27:48.530Z] > git show --textconv :phase-0-html-tag-lab/index.html [5799ms]
[2022-08-04T08:27:48.531Z] > git remote --verbose [42ms]
[2022-08-04T08:27:48.533Z] > git for-each-ref --sort -committerdate --format %(refname) %(objectname) %(*objectname) [3482ms]
[2022-08-04T08:27:57.004Z] > git config --get commit.template [94ms]
[2022-08-04T08:28:06.162Z] > git status -z -uall [2033ms]
[2022-08-04T08:28:08.568Z] > git symbolic-ref --short HEAD [19ms]
[2022-08-04T08:28:11.476Z] > git for-each-ref --format=%(refname)%00%(upstream:short)%00%(objectname)%00%(upstream:track)%00%(upstream:remotename)%00%(upstream:remoteref) refs/heads/master refs/remotes/master [235ms]
[2022-08-04T08:28:18.351Z] > git remote --verbose [206ms]
[2022-08-04T08:28:18.359Z] > git for-each-ref --sort -committerdate --format %(refname) %(objectname) %(*objectname) [2827ms]
[2022-08-04T08:28:33.553Z] > git config --get commit.template [194ms]
[2022-08-04T08:29:06.157Z] > git status -z -uall [1137ms]
[2022-08-04T08:29:08.017Z] > git symbolic-ref --short HEAD [43ms]
[2022-08-04T08:29:10.572Z] > git for-each-ref --format=%(refname)%00%(upstream:short)%00%(objectname)%00%(upstream:track)%00%(upstream:remotename)%00%(upstream:remoteref) refs/heads/master refs/remotes/master [25ms]
[2022-08-04T08:29:14.230Z] > git for-each-ref --sort -committerdate --format %(refname) %(objectname) %(*objectname) [1863ms]
[2022-08-04T08:29:14.240Z] > git remote --verbose [20ms]
[2022-08-04T08:29:23.651Z] > git config --get commit.template [93ms]
[2022-08-04T08:29:31.899Z] > git status -z -uall [1149ms]
[2022-08-04T08:29:33.810Z] > git symbolic-ref --short HEAD [21ms]
[2022-08-04T08:29:35.856Z] > git for-each-ref --format=%(refname)%00%(upstream:short)%00%(objectname)%00%(upstream:track)%00%(upstream:remotename)%00%(upstream:remoteref) refs/heads/master refs/remotes/master [22ms]
[2022-08-04T08:29:39.661Z] > git remote --verbose [24ms]
[2022-08-04T08:29:39.665Z] > git for-each-ref --sort -committerdate --format %(refname) %(objectname) %(*objectname) [1989ms]
[2022-08-04T08:29:47.574Z] > git config --get commit.template [55ms]
[2022-08-04T08:30:38.595Z] > git status -z -uall [907ms]
[2022-08-04T08:30:40.289Z] > git symbolic-ref --short HEAD [18ms]
[2022-08-04T08:30:42.026Z] > git for-each-ref --format=%(refname)%00%(upstream:short)%00%(objectname)%00%(upstream:track)%00%(upstream:remotename)%00%(upstream:remoteref) refs/heads/master refs/remotes/master [18ms]
[2022-08-04T08:30:45.489Z] > git for-each-ref --sort -committerdate --format %(refname) %(objectname) %(*objectname) [1699ms]
[2022-08-04T08:30:45.496Z] > git remote --verbose [19ms]
[2022-08-04T08:30:50.797Z] > git config --get commit.template [3276ms]
[2022-08-04T08:31:40.716Z] > git status -z -uall [1646ms]
[2022-08-04T08:31:42.447Z] > git symbolic-ref --short HEAD [14ms]
[2022-08-04T08:31:44.275Z] > git for-each-ref --format=%(refname)%00%(upstream:short)%00%(objectname)%00%(upstream:track)%00%(upstream:remotename)%00%(upstream:remoteref) refs/heads/master refs/remotes/master [26ms]
[2022-08-04T08:31:48.289Z] > git for-each-ref --sort -committerdate --format %(refname) %(objectname) %(*objectname) [1932ms]
[2022-08-04T08:31:48.294Z] > git remote --verbose [19ms]
[2022-08-04T08:31:54.923Z] > git config --get commit.template [86ms]
[2022-08-04T08:32:34.681Z] > git status -z -uall [2301ms]
[2022-08-04T08:32:36.842Z] > git symbolic-ref --short HEAD [42ms]
[2022-08-04T08:32:38.872Z] > git for-each-ref --format=%(refname)%00%(upstream:short)%00%(objectname)%00%(upstream:track)%00%(upstream:remotename)%00%(upstream:remoteref) refs/heads/master refs/remotes/master [52ms]
[2022-08-04T08:32:43.622Z] > git for-each-ref --sort -committerdate --format %(refname) %(objectname) %(*objectname) [2003ms]
[2022-08-04T08:32:43.633Z] > git remote --verbose [33ms]
[2022-08-04T08:32:51.730Z] > git config --get commit.template [5692ms]
[2022-08-04T08:34:51.372Z] > git status -z -uall [4466ms]
[2022-08-04T08:34:54.153Z] > git symbolic-ref --short HEAD [23ms]
[2022-08-04T08:34:56.884Z] > git for-each-ref --format=%(refname)%00%(upstream:short)%00%(objectname)%00%(upstream:track)%00%(upstream:remotename)%00%(upstream:remoteref) refs/heads/master refs/remotes/master [138ms]
[2022-08-04T08:35:01.893Z] > git remote --verbose [31ms]
[2022-08-04T08:35:01.895Z] > git for-each-ref --sort -committerdate --format %(refname) %(objectname) %(*objectname) [2363ms]
[2022-08-04T08:35:18.727Z] > git config --get commit.template [176ms]
[2022-08-04T08:36:39.465Z] > git status -z -uall [2173ms]
[2022-08-04T08:36:41.861Z] > git symbolic-ref --short HEAD [27ms]
[2022-08-04T08:36:44.892Z] > git for-each-ref --format=%(refname)%00%(upstream:short)%00%(objectname)%00%(upstream:track)%00%(upstream:remotename)%00%(upstream:remoteref) refs/heads/master refs/remotes/master [170ms]
[2022-08-04T08:36:51.301Z] > git remote --verbose [37ms]
[2022-08-04T08:36:51.303Z] > git for-each-ref --sort -committerdate --format %(refname) %(objectname) %(*objectname) [2921ms]
[2022-08-04T08:37:08.634Z] > git config --get commit.template [84ms]
[2022-08-04T08:37:23.987Z] > git status -z -uall [3535ms]
[2022-08-04T08:37:26.470Z] > git symbolic-ref --short HEAD [50ms]
[2022-08-04T08:37:29.108Z] > git for-each-ref --format=%(refname)%00%(upstream:short)%00%(objectname)%00%(upstream:track)%00%(upstream:remotename)%00%(upstream:remoteref) refs/heads/master refs/remotes/master [189ms]
[2022-08-04T08:37:34.176Z] > git remote --verbose [195ms]
[2022-08-04T08:37:34.210Z] > git for-each-ref --sort -committerdate --format %(refname) %(objectname) %(*objectname) [2719ms]
[2022-08-04T08:37:52.241Z] > git config --get commit.template [460ms]
[2022-08-04T08:38:03.155Z] > git status -z -uall [3379ms]
[2022-08-04T08:38:05.516Z] > git symbolic-ref --short HEAD [51ms]
[2022-08-04T08:38:08.049Z] > git for-each-ref --format=%(refname)%00%(upstream:short)%00%(objectname)%00%(upstream:track)%00%(upstream:remotename)%00%(upstream:remoteref) refs/heads/master refs/remotes/master [51ms]
[2022-08-04T08:38:12.600Z] > git remote --verbose [21ms]
[2022-08-04T08:38:12.608Z] > git for-each-ref --sort -committerdate --format %(refname) %(objectname) %(*objectname) [2400ms]
[2022-08-04T08:38:22.849Z] > git config --get commit.template [213ms]
[2022-08-04T08:38:35.387Z] > git status -z -uall [5163ms]
[2022-08-04T08:38:38.053Z] > git symbolic-ref --short HEAD [34ms]
[2022-08-04T08:38:40.733Z] > git for-each-ref --format=%(refname)%00%(upstream:short)%00%(objectname)%00%(upstream:track)%00%(upstream:remotename)%00%(upstream:remoteref) refs/heads/master refs/remotes/master [41ms]
[2022-08-04T08:38:45.563Z] > git for-each-ref --sort -committerdate --format %(refname) %(objectname) %(*objectname) [2456ms]
[2022-08-04T08:38:45.577Z] > git remote --verbose [47ms]
[2022-08-04T08:39:02.620Z] > git config --get commit.template [170ms]
[2022-08-04T08:39:16.322Z] > git status -z -uall [5826ms]
[2022-08-04T08:39:18.937Z] > git symbolic-ref --short HEAD [39ms]
[2022-08-04T08:39:21.789Z] > git for-each-ref --format=%(refname)%00%(upstream:short)%00%(objectname)%00%(upstream:track)%00%(upstream:remotename)%00%(upstream:remoteref) refs/heads/master refs/remotes/master [375ms]
[2022-08-04T08:39:28.711Z] > git remote --verbose [269ms]
[2022-08-04T08:39:28.712Z] > git for-each-ref --sort -committerdate --format %(refname) %(objectname) %(*objectname) [3736ms]
