0 verbose cli /home/masu/.nvm/versions/node/v18.7.0/bin/node /home/masu/.nvm/versions/node/v18.7.0/bin/npm
1 info using npm@8.15.0
2 info using node@v18.7.0
3 timing npm:load:whichnode Completed in 1ms
4 timing config:load:defaults Completed in 12ms
5 timing config:load:file:/home/masu/.nvm/versions/node/v18.7.0/lib/node_modules/npm/npmrc Completed in 13ms
6 timing config:load:builtin Completed in 15ms
7 timing config:load:cli Completed in 13ms
8 timing config:load:env Completed in 7ms
9 timing config:load:file:/home/masu/phase-0-git-basics-lab/.npmrc Completed in 1ms
10 timing config:load:project Completed in 63ms
11 timing config:load:file:/home/masu/.npmrc Completed in 0ms
12 timing config:load:user Completed in 2ms
13 timing config:load:file:/home/masu/.nvm/versions/node/v18.7.0/etc/npmrc Completed in 0ms
14 timing config:load:global Completed in 1ms
15 timing config:load:validate Completed in 1ms
16 timing config:load:credentials Completed in 5ms
17 timing config:load:setEnvs Completed in 5ms
18 timing config:load Completed in 126ms
19 timing npm:load:configload Completed in 127ms
20 timing npm:load:mkdirpcache Completed in 4ms
21 timing npm:load:mkdirplogs Completed in 1ms
22 verbose title npm test
23 verbose argv "test"
24 timing npm:load:setTitle Completed in 6ms
25 timing config:load:flatten Completed in 12ms
26 timing npm:load:display Completed in 21ms
27 verbose logfile logs-max:10 dir:/home/masu/.npm/_logs
28 verbose logfile /home/masu/.npm/_logs/2022-08-03T06_41_39_009Z-debug-0.log
29 timing npm:load:logFile Completed in 22ms
30 timing npm:load:timers Completed in 0ms
31 timing npm:load:configScope Completed in 1ms
32 timing npm:load Completed in 186ms
33 silly logfile done cleaning log files
34 timing command:run-script Completed in 16522ms
35 timing command:test Completed in 16541ms
36 verbose exit 6
37 timing npm Completed in 16774ms
38 verbose code 6
