0 verbose cli /home/masu/.nvm/versions/node/v18.7.0/bin/node /home/masu/.nvm/versions/node/v18.7.0/bin/npm
1 info using npm@8.15.0
2 info using node@v18.7.0
3 timing npm:load:whichnode Completed in 1ms
4 timing config:load:defaults Completed in 6ms
5 timing config:load:file:/home/masu/.nvm/versions/node/v18.7.0/lib/node_modules/npm/npmrc Completed in 7ms
6 timing config:load:builtin Completed in 7ms
7 timing config:load:cli Completed in 4ms
8 timing config:load:env Completed in 2ms
9 timing config:load:file:/home/masu/projects/phase-0-git-basics-lab/.npmrc Completed in 1ms
10 timing config:load:project Completed in 34ms
11 timing config:load:file:/home/masu/.npmrc Completed in 1ms
12 timing config:load:user Completed in 2ms
13 timing config:load:file:/home/masu/.nvm/versions/node/v18.7.0/etc/npmrc Completed in 0ms
14 timing config:load:global Completed in 1ms
15 timing config:load:validate Completed in 0ms
16 timing config:load:credentials Completed in 3ms
17 timing config:load:setEnvs Completed in 3ms
18 timing config:load Completed in 67ms
19 timing npm:load:configload Completed in 67ms
20 timing npm:load:mkdirpcache Completed in 3ms
21 timing npm:load:mkdirplogs Completed in 1ms
22 verbose title npm test
23 verbose argv "test"
24 timing npm:load:setTitle Completed in 3ms
25 timing config:load:flatten Completed in 7ms
26 timing npm:load:display Completed in 13ms
27 verbose logfile logs-max:10 dir:/home/masu/.npm/_logs
28 verbose logfile /home/masu/.npm/_logs/2022-08-04T07_25_48_339Z-debug-0.log
29 timing npm:load:logFile Completed in 23ms
30 timing npm:load:timers Completed in 0ms
31 timing npm:load:configScope Completed in 0ms
32 timing npm:load Completed in 114ms
33 silly logfile start cleaning logs, removing 1 files
34 silly logfile done cleaning log files
35 timing command:run-script Completed in 11300ms
36 timing command:test Completed in 11321ms
37 verbose exit 1
38 timing npm Completed in 11463ms
39 verbose code 1
