[2022-08-03T06:09:15.605Z] Log level: Info
[2022-08-03T06:09:15.623Z] [info] Validating found git in: git
[2022-08-03T06:09:19.933Z] [info] Using git 2.25.1 from git
[2022-08-03T06:09:22.389Z] > git rev-parse --show-toplevel [39ms]
[2022-08-03T06:09:24.633Z] > git rev-parse --git-dir --git-common-dir [116ms]
[2022-08-03T06:09:24.661Z] [info] Open repository: /home/masu/phase-0-git-basics-lab
[2022-08-03T06:09:27.161Z] > git status -z -uall [381ms]
[2022-08-03T06:09:31.595Z] > git check-ignore -v -z --stdin [26ms]
[2022-08-03T06:09:31.609Z] > git symbolic-ref --short HEAD [2355ms]
[2022-08-03T06:09:33.763Z] > git for-each-ref --format=%(refname)%00%(upstream:short)%00%(objectname)%00%(upstream:track)%00%(upstream:remotename)%00%(upstream:remoteref) refs/heads/master refs/remotes/master [39ms]
[2022-08-03T06:09:38.451Z] > git for-each-ref --sort -committerdate --format %(refname) %(objectname) %(*objectname) [2363ms]
[2022-08-03T06:09:38.467Z] > git remote --verbose [45ms]
[2022-08-03T06:09:40.775Z] > git config --get commit.template [52ms]
[2022-08-03T06:09:44.866Z] > git status -z -uall [129ms]
[2022-08-03T06:09:46.762Z] > git symbolic-ref --short HEAD [26ms]
[2022-08-03T06:09:48.975Z] > git for-each-ref --format=%(refname)%00%(upstream:short)%00%(objectname)%00%(upstream:track)%00%(upstream:remotename)%00%(upstream:remoteref) refs/heads/master refs/remotes/master [47ms]
[2022-08-03T06:09:53.699Z] > git for-each-ref --sort -committerdate --format %(refname) %(objectname) %(*objectname) [2483ms]
[2022-08-03T06:09:53.728Z] > git remote --verbose [57ms]
[2022-08-03T06:09:56.264Z] > git config --get commit.template [50ms]
[2022-08-03T06:11:04.561Z] > git status -z -uall [108ms]
[2022-08-03T06:11:07.067Z] > git symbolic-ref --short HEAD [91ms]
[2022-08-03T06:11:09.772Z] > git for-each-ref --format=%(refname)%00%(upstream:short)%00%(objectname)%00%(upstream:track)%00%(upstream:remotename)%00%(upstream:remoteref) refs/heads/master refs/remotes/master [54ms]
[2022-08-03T06:11:15.449Z] > git remote --verbose [226ms]
[2022-08-03T06:11:15.472Z] > git for-each-ref --sort -committerdate --format %(refname) %(objectname) %(*objectname) [2939ms]
[2022-08-03T06:11:21.231Z] > git config --get commit.template [240ms]
[2022-08-03T06:17:33.788Z] > git check-ignore -v -z --stdin [35ms]
[2022-08-03T06:17:52.862Z] > git status -z -uall [42ms]
[2022-08-03T06:17:54.692Z] > git symbolic-ref --short HEAD [16ms]
[2022-08-03T06:17:56.513Z] > git for-each-ref --format=%(refname)%00%(upstream:short)%00%(objectname)%00%(upstream:track)%00%(upstream:remotename)%00%(upstream:remoteref) refs/heads/master refs/remotes/master [20ms]
[2022-08-03T06:18:00.138Z] > git for-each-ref --sort -committerdate --format %(refname) %(objectname) %(*objectname) [1822ms]
[2022-08-03T06:18:00.146Z] > git remote --verbose [21ms]
[2022-08-03T06:18:02.334Z] > git config --get commit.template [23ms]
[2022-08-03T06:25:09.566Z] > git status -z -uall [6194ms]
[2022-08-03T06:25:11.858Z] > git check-ignore -v -z --stdin [3949ms]
[2022-08-03T06:25:11.889Z] > git symbolic-ref --short HEAD [33ms]
[2022-08-03T06:25:13.715Z] > git for-each-ref --format=%(refname)%00%(upstream:short)%00%(objectname)%00%(upstream:track)%00%(upstream:remotename)%00%(upstream:remoteref) refs/heads/master refs/remotes/master [31ms]
[2022-08-03T06:25:17.710Z] > git remote --verbose [25ms]
[2022-08-03T06:25:17.712Z] > git for-each-ref --sort -committerdate --format %(refname) %(objectname) %(*objectname) [1798ms]
[2022-08-03T06:25:19.542Z] > git config --get commit.template [27ms]
[2022-08-03T06:26:50.218Z] > git status -z -uall [36ms]
[2022-08-03T06:26:52.507Z] > git symbolic-ref --short HEAD [24ms]
[2022-08-03T06:26:54.856Z] > git for-each-ref --format=%(refname)%00%(upstream:short)%00%(objectname)%00%(upstream:track)%00%(upstream:remotename)%00%(upstream:remoteref) refs/heads/master refs/remotes/master [24ms]
[2022-08-03T06:27:00.927Z] > git for-each-ref --sort -committerdate --format %(refname) %(objectname) %(*objectname) [1848ms]
[2022-08-03T06:27:00.934Z] > git remote --verbose [24ms]
[2022-08-03T06:27:03.097Z] > git config --get commit.template [74ms]
[2022-08-03T06:42:00.954Z] > git status -z -uall [293ms]
[2022-08-03T06:42:06.257Z] > git symbolic-ref --short HEAD [670ms]
[2022-08-03T06:42:08.617Z] > git for-each-ref --format=%(refname)%00%(upstream:short)%00%(objectname)%00%(upstream:track)%00%(upstream:remotename)%00%(upstream:remoteref) refs/heads/master refs/remotes/master [14ms]
[2022-08-03T06:42:12.717Z] > git for-each-ref --sort -committerdate --format %(refname) %(objectname) %(*objectname) [2283ms]
[2022-08-03T06:42:12.738Z] > git remote --verbose [29ms]
[2022-08-03T06:42:14.702Z] > git config --get commit.template [26ms]
