[2022-08-04T08:43:30.050Z] Log level: Info
[2022-08-04T08:43:30.122Z] [info] Validating found git in: git
[2022-08-04T08:43:33.160Z] [info] Using git 2.25.1 from git
[2022-08-04T08:43:36.074Z] > git rev-parse --show-toplevel [385ms]
[2022-08-04T08:43:39.335Z] > git rev-parse --git-dir --git-common-dir [432ms]
[2022-08-04T08:43:39.518Z] [info] Open repository: /home/masu
[2022-08-04T08:43:51.149Z] > git show --textconv :phase-0-html-tag-lab/index.html [5830ms]
[2022-08-04T08:43:51.150Z] > git check-ignore -v -z --stdin [21ms]
[2022-08-04T08:43:51.163Z] > git ls-files --stage -- /home/masu/phase-0-html-tag-lab/index.html [2580ms]
[2022-08-04T08:43:53.583Z] > git cat-file -s 948e5af24ea9035d9fa45553b1cd68c8592feaf8 [52ms]
[2022-08-04T08:43:54.500Z] > git status -z -uall [12508ms]
[2022-08-04T08:43:57.211Z] > git symbolic-ref --short HEAD [214ms]
[2022-08-04T08:43:59.907Z] > git for-each-ref --format=%(refname)%00%(upstream:short)%00%(objectname)%00%(upstream:track)%00%(upstream:remotename)%00%(upstream:remoteref) refs/heads/master refs/remotes/master [152ms]
[2022-08-04T08:44:06.416Z] > git remote --verbose [1528ms]
[2022-08-04T08:44:06.421Z] > git for-each-ref --sort -committerdate --format %(refname) %(objectname) %(*objectname) [4033ms]
[2022-08-04T08:44:26.174Z] > git config --get commit.template [2317ms]
[2022-08-04T08:44:38.252Z] > git status -z -uall [9383ms]
[2022-08-04T08:44:40.942Z] > git symbolic-ref --short HEAD [263ms]
[2022-08-04T08:44:43.540Z] > git for-each-ref --format=%(refname)%00%(upstream:short)%00%(objectname)%00%(upstream:track)%00%(upstream:remotename)%00%(upstream:remoteref) refs/heads/master refs/remotes/master [107ms]
[2022-08-04T08:44:48.532Z] > git remote --verbose [112ms]
[2022-08-04T08:44:48.536Z] > git for-each-ref --sort -committerdate --format %(refname) %(objectname) %(*objectname) [2549ms]
[2022-08-04T08:45:10.041Z] > git config --get commit.template [212ms]
[2022-08-04T08:45:18.263Z] > git status -z -uall [2760ms]
[2022-08-04T08:45:21.575Z] > git symbolic-ref --short HEAD [934ms]
[2022-08-04T08:45:24.032Z] > git for-each-ref --format=%(refname)%00%(upstream:short)%00%(objectname)%00%(upstream:track)%00%(upstream:remotename)%00%(upstream:remoteref) refs/heads/master refs/remotes/master [42ms]
[2022-08-04T08:45:28.939Z] > git remote --verbose [31ms]
[2022-08-04T08:45:28.944Z] > git for-each-ref --sort -committerdate --format %(refname) %(objectname) %(*objectname) [2483ms]
[2022-08-04T08:45:42.079Z] > git config --get commit.template [219ms]
[2022-08-04T08:45:52.417Z] > git status -z -uall [2791ms]
[2022-08-04T08:45:55.082Z] > git symbolic-ref --short HEAD [32ms]
[2022-08-04T08:45:58.177Z] > git for-each-ref --format=%(refname)%00%(upstream:short)%00%(objectname)%00%(upstream:track)%00%(upstream:remotename)%00%(upstream:remoteref) refs/heads/master refs/remotes/master [83ms]
[2022-08-04T08:46:03.432Z] > git for-each-ref --sort -committerdate --format %(refname) %(objectname) %(*objectname) [2438ms]
[2022-08-04T08:46:03.470Z] > git remote --verbose [53ms]
[2022-08-04T08:46:17.976Z] > git config --get commit.template [161ms]
[2022-08-04T08:46:31.341Z] > git status -z -uall [4229ms]
[2022-08-04T08:46:35.642Z] > git symbolic-ref --short HEAD [1854ms]
[2022-08-04T08:46:38.091Z] > git for-each-ref --format=%(refname)%00%(upstream:short)%00%(objectname)%00%(upstream:track)%00%(upstream:remotename)%00%(upstream:remoteref) refs/heads/master refs/remotes/master [47ms]
[2022-08-04T08:46:42.958Z] > git remote --verbose [34ms]
[2022-08-04T08:46:42.960Z] > git for-each-ref --sort -committerdate --format %(refname) %(objectname) %(*objectname) [2411ms]
[2022-08-04T08:46:54.947Z] > git config --get commit.template [105ms]
[2022-08-04T08:47:04.192Z] > git status -z -uall [1811ms]
[2022-08-04T08:47:06.394Z] > git symbolic-ref --short HEAD [44ms]
[2022-08-04T08:47:08.675Z] > git for-each-ref --format=%(refname)%00%(upstream:short)%00%(objectname)%00%(upstream:track)%00%(upstream:remotename)%00%(upstream:remoteref) refs/heads/master refs/remotes/master [25ms]
[2022-08-04T08:47:13.284Z] > git remote --verbose [25ms]
[2022-08-04T08:47:13.288Z] > git for-each-ref --sort -committerdate --format %(refname) %(objectname) %(*objectname) [2297ms]
[2022-08-04T08:47:23.152Z] > git config --get commit.template [221ms]
[2022-08-04T08:47:33.101Z] > git status -z -uall [2649ms]
[2022-08-04T08:47:35.639Z] > git symbolic-ref --short HEAD [20ms]
[2022-08-04T08:47:39.794Z] > git for-each-ref --format=%(refname)%00%(upstream:short)%00%(objectname)%00%(upstream:track)%00%(upstream:remotename)%00%(upstream:remoteref) refs/heads/master refs/remotes/master [1767ms]
[2022-08-04T08:47:44.862Z] > git remote --verbose [125ms]
[2022-08-04T08:47:44.869Z] > git for-each-ref --sort -committerdate --format %(refname) %(objectname) %(*objectname) [2600ms]
[2022-08-04T08:47:56.362Z] > git config --get commit.template [692ms]
[2022-08-04T08:47:58.831Z] > git check-ignore -v -z --stdin [58ms]
[2022-08-04T08:48:11.216Z] > git status -z -uall [5835ms]
[2022-08-04T08:48:13.588Z] > git symbolic-ref --short HEAD [30ms]
[2022-08-04T08:48:16.021Z] > git for-each-ref --format=%(refname)%00%(upstream:short)%00%(objectname)%00%(upstream:track)%00%(upstream:remotename)%00%(upstream:remoteref) refs/heads/master refs/remotes/master [52ms]
[2022-08-04T08:48:20.938Z] > git remote --verbose [15ms]
[2022-08-04T08:48:20.942Z] > git for-each-ref --sort -committerdate --format %(refname) %(objectname) %(*objectname) [2467ms]
[2022-08-04T08:48:41.751Z] > git config --get commit.template [1859ms]
[2022-08-04T08:48:47.660Z] > git check-ignore -v -z --stdin [1966ms]
[2022-08-04T08:48:56.168Z] > git status -z -uall [5897ms]
[2022-08-04T08:48:58.655Z] > git symbolic-ref --short HEAD [53ms]
[2022-08-04T08:48:59.150Z] > git for-each-ref --format=%(refname)%00%(upstream:short)%00%(objectname)%00%(upstream:track)%00%(upstream:remotename)%00%(upstream:remoteref) refs/heads/master refs/remotes/master [103ms]
[2022-08-04T08:49:03.960Z] > git remote --verbose [34ms]
[2022-08-04T08:49:03.961Z] > git for-each-ref --sort -committerdate --format %(refname) %(objectname) %(*objectname) [2086ms]
[2022-08-04T08:49:12.037Z] > git config --get commit.template [63ms]
[2022-08-04T08:49:49.402Z] > git status -z -uall [1752ms]
[2022-08-04T08:49:51.514Z] > git symbolic-ref --short HEAD [26ms]
[2022-08-04T08:49:53.419Z] > git for-each-ref --format=%(refname)%00%(upstream:short)%00%(objectname)%00%(upstream:track)%00%(upstream:remotename)%00%(upstream:remoteref) refs/heads/master refs/remotes/master [31ms]
[2022-08-04T08:49:57.497Z] > git for-each-ref --sort -committerdate --format %(refname) %(objectname) %(*objectname) [2228ms]
[2022-08-04T08:49:57.560Z] > git remote --verbose [340ms]
[2022-08-04T08:50:03.507Z] > git config --get commit.template [94ms]
[2022-08-04T08:50:11.811Z] > git status -z -uall [1493ms]
[2022-08-04T08:50:13.635Z] > git symbolic-ref --short HEAD [36ms]
[2022-08-04T08:50:15.533Z] > git for-each-ref --format=%(refname)%00%(upstream:short)%00%(objectname)%00%(upstream:track)%00%(upstream:remotename)%00%(upstream:remoteref) refs/heads/master refs/remotes/master [35ms]
[2022-08-04T08:50:19.249Z] > git for-each-ref --sort -committerdate --format %(refname) %(objectname) %(*objectname) [1829ms]
[2022-08-04T08:50:19.258Z] > git remote --verbose [36ms]
[2022-08-04T08:50:25.409Z] > git config --get commit.template [416ms]
[2022-08-04T08:50:34.100Z] > git status -z -uall [1696ms]
[2022-08-04T08:50:36.180Z] > git symbolic-ref --short HEAD [149ms]
[2022-08-04T08:50:38.079Z] > git for-each-ref --format=%(refname)%00%(upstream:short)%00%(objectname)%00%(upstream:track)%00%(upstream:remotename)%00%(upstream:remoteref) refs/heads/master refs/remotes/master [46ms]
[2022-08-04T08:50:41.952Z] > git for-each-ref --sort -committerdate --format %(refname) %(objectname) %(*objectname) [1914ms]
[2022-08-04T08:50:41.957Z] > git remote --verbose [35ms]
[2022-08-04T08:50:47.598Z] > git config --get commit.template [290ms]
[2022-08-04T08:50:55.996Z] > git status -z -uall [1335ms]
[2022-08-04T08:50:57.892Z] > git symbolic-ref --short HEAD [30ms]
[2022-08-04T08:50:59.973Z] > git for-each-ref --format=%(refname)%00%(upstream:short)%00%(objectname)%00%(upstream:track)%00%(upstream:remotename)%00%(upstream:remoteref) refs/heads/master refs/remotes/master [59ms]
[2022-08-04T08:51:04.918Z] > git remote --verbose [66ms]
[2022-08-04T08:51:04.919Z] > git for-each-ref --sort -committerdate --format %(refname) %(objectname) %(*objectname) [2538ms]
[2022-08-04T08:51:12.724Z] > git config --get commit.template [149ms]
[2022-08-04T08:51:21.191Z] > git status -z -uall [1471ms]
[2022-08-04T08:51:23.249Z] > git symbolic-ref --short HEAD [59ms]
[2022-08-04T08:51:25.620Z] > git for-each-ref --format=%(refname)%00%(upstream:short)%00%(objectname)%00%(upstream:track)%00%(upstream:remotename)%00%(upstream:remoteref) refs/heads/master refs/remotes/master [25ms]
[2022-08-04T08:51:30.614Z] > git for-each-ref --sort -committerdate --format %(refname) %(objectname) %(*objectname) [2434ms]
[2022-08-04T08:51:30.623Z] > git remote --verbose [33ms]
[2022-08-04T08:51:51.185Z] > git config --get commit.template [475ms]
[2022-08-04T08:52:04.505Z] > git status -z -uall [4635ms]
[2022-08-04T08:52:06.991Z] > git symbolic-ref --short HEAD [50ms]
[2022-08-04T08:52:09.546Z] > git for-each-ref --format=%(refname)%00%(upstream:short)%00%(objectname)%00%(upstream:track)%00%(upstream:remotename)%00%(upstream:remoteref) refs/heads/master refs/remotes/master [23ms]
[2022-08-04T08:52:14.611Z] > git remote --verbose [76ms]
[2022-08-04T08:52:14.615Z] > git for-each-ref --sort -committerdate --format %(refname) %(objectname) %(*objectname) [2614ms]
[2022-08-04T08:52:26.032Z] > git config --get commit.template [182ms]
[2022-08-04T08:52:35.691Z] > git status -z -uall [2418ms]
[2022-08-04T08:52:39.879Z] > git symbolic-ref --short HEAD [1693ms]
[2022-08-04T08:52:43.146Z] > git for-each-ref --format=%(refname)%00%(upstream:short)%00%(objectname)%00%(upstream:track)%00%(upstream:remotename)%00%(upstream:remoteref) refs/heads/master refs/remotes/master [910ms]
[2022-08-04T08:52:48.454Z] > git remote --verbose [52ms]
[2022-08-04T08:52:48.457Z] > git for-each-ref --sort -committerdate --format %(refname) %(objectname) %(*objectname) [2755ms]
[2022-08-04T08:53:09.315Z] > git config --get commit.template [372ms]
[2022-08-04T08:53:46.680Z] > git status -z -uall [2902ms]
[2022-08-04T08:53:49.131Z] > git symbolic-ref --short HEAD [23ms]
[2022-08-04T08:53:51.614Z] > git for-each-ref --format=%(refname)%00%(upstream:short)%00%(objectname)%00%(upstream:track)%00%(upstream:remotename)%00%(upstream:remoteref) refs/heads/master refs/remotes/master [51ms]
[2022-08-04T08:53:56.437Z] > git remote --verbose [49ms]
[2022-08-04T08:53:56.441Z] > git for-each-ref --sort -committerdate --format %(refname) %(objectname) %(*objectname) [2415ms]
