[2022-08-04 11:08:30.615] [exthost] [info] Extension host with pid 13964 started
[2022-08-04 11:08:30.697] [exthost] [info] Lock '/home/masu/.vscode-server/data/User/workspaceStorage/993286205fcea06cd7bce83839c9a801/vscode.lock': Lock acquired.
[2022-08-04 11:08:31.388] [exthost] [info] ExtensionService#_doActivateExtension vscode.debug-auto-launch, startup: true, activationEvent: '*'
[2022-08-04 11:08:31.436] [exthost] [info] ExtensionService#_doActivateExtension vscode.git-base, startup: true, activationEvent: '*', root cause: vscode.git
[2022-08-04 11:08:31.465] [exthost] [info] ExtensionService#_doActivateExtension vscode.ipynb, startup: true, activationEvent: '*'
[2022-08-04 11:08:32.856] [exthost] [info] ExtensionService#_doActivateExtension vscode.git, startup: true, activationEvent: '*'
[2022-08-04 11:08:33.452] [exthost] [info] ExtensionService#_doActivateExtension vscode.github, startup: true, activationEvent: '*'
[2022-08-04 11:08:39.822] [exthost] [info] ExtensionService#_doActivateExtension vscode.emmet, startup: false, activationEvent: 'onStartupFinished'
[2022-08-04 11:08:39.951] [exthost] [info] ExtensionService#_doActivateExtension vscode.merge-conflict, startup: false, activationEvent: 'onStartupFinished'
[2022-08-04 11:08:39.973] [exthost] [info] Eager extensions activated
[2022-08-04 11:09:05.033] [exthost] [warning] [Decorations] CAPPING events from decorations provider vscode.git 3464
[2022-08-04 11:09:32.485] [exthost] [warning] [Decorations] CAPPING events from decorations provider vscode.git 3464
[2022-08-04 11:10:00.719] [exthost] [warning] [Decorations] CAPPING events from decorations provider vscode.git 3464
[2022-08-04 11:10:25.449] [exthost] [warning] [Decorations] CAPPING events from decorations provider vscode.git 3464
[2022-08-04 11:10:47.296] [exthost] [warning] [Decorations] CAPPING events from decorations provider vscode.git 3464
[2022-08-04 11:11:10.889] [exthost] [warning] [Decorations] CAPPING events from decorations provider vscode.git 3464
[2022-08-04 11:11:32.794] [exthost] [warning] [Decorations] CAPPING events from decorations provider vscode.git 3464
[2022-08-04 11:11:55.276] [exthost] [warning] [Decorations] CAPPING events from decorations provider vscode.git 3464
[2022-08-04 11:12:17.850] [exthost] [warning] [Decorations] CAPPING events from decorations provider vscode.git 3464
[2022-08-04 11:12:39.834] [exthost] [warning] [Decorations] CAPPING events from decorations provider vscode.git 3464
[2022-08-04 11:13:23.616] [exthost] [warning] [Decorations] CAPPING events from decorations provider vscode.git 3464
[2022-08-04 11:14:53.822] [exthost] [warning] [Decorations] CAPPING events from decorations provider vscode.git 3464
[2022-08-04 11:15:17.757] [exthost] [warning] [Decorations] CAPPING events from decorations provider vscode.git 3464
[2022-08-04 11:19:51.470] [exthost] [warning] [Decorations] CAPPING events from decorations provider vscode.git 3464
[2022-08-04 11:20:15.107] [exthost] [warning] [Decorations] CAPPING events from decorations provider vscode.git 3464
[2022-08-04 11:20:43.706] [exthost] [warning] [Decorations] CAPPING events from decorations provider vscode.git 3464
[2022-08-04 11:21:23.578] [exthost] [warning] [Decorations] CAPPING events from decorations provider vscode.git 3465
[2022-08-04 11:21:46.170] [exthost] [warning] [Decorations] CAPPING events from decorations provider vscode.git 3465
[2022-08-04 11:22:23.236] [exthost] [warning] [Decorations] CAPPING events from decorations provider vscode.git 3466
[2022-08-04 11:23:00.225] [exthost] [warning] [Decorations] CAPPING events from decorations provider vscode.git 3466
[2022-08-04 11:23:28.546] [exthost] [warning] [Decorations] CAPPING events from decorations provider vscode.git 3466
[2022-08-04 11:23:42.371] [exthost] [info] ExtensionService#_doActivateExtension vscode.html-language-features, startup: false, activationEvent: 'onLanguage:html'
[2022-08-04 11:24:01.622] [exthost] [warning] [Decorations] CAPPING events from decorations provider vscode.git 3469
[2022-08-04 11:24:23.569] [exthost] [warning] [Decorations] CAPPING events from decorations provider vscode.git 3469
[2022-08-04 11:24:28.934] [exthost] [error] [vscode.emmet] provider FAILED
[2022-08-04 11:24:28.944] [exthost] [error] Error: Unable to find matching pair for < at char 28
	at r.error (/home/masu/.vscode-server/bin/3b889b090b5ad5793f524b5d1d39fda662b96a2a/extensions/emmet/dist/node/emmetNodeMain.js:1:22545)
	at f (/home/masu/.vscode-server/bin/3b889b090b5ad5793f524b5d1d39fda662b96a2a/extensions/emmet/dist/node/emmetNodeMain.js:1:21775)
	at u (/home/masu/.vscode-server/bin/3b889b090b5ad5793f524b5d1d39fda662b96a2a/extensions/emmet/dist/node/emmetNodeMain.js:1:14436)
	at l (/home/masu/.vscode-server/bin/3b889b090b5ad5793f524b5d1d39fda662b96a2a/extensions/emmet/dist/node/emmetNodeMain.js:1:14549)
	at /home/masu/.vscode-server/bin/3b889b090b5ad5793f524b5d1d39fda662b96a2a/extensions/emmet/dist/node/emmetNodeMain.js:1:15164
	at m (/home/masu/.vscode-server/bin/3b889b090b5ad5793f524b5d1d39fda662b96a2a/extensions/emmet/dist/node/emmetNodeMain.js:1:15271)
	at C (/home/masu/.vscode-server/bin/3b889b090b5ad5793f524b5d1d39fda662b96a2a/extensions/emmet/dist/node/emmetNodeMain.js:1:16189)
	at _ (/home/masu/.vscode-server/bin/3b889b090b5ad5793f524b5d1d39fda662b96a2a/extensions/emmet/dist/node/emmetNodeMain.js:1:16599)
	at t.getRootNode (/home/masu/.vscode-server/bin/3b889b090b5ad5793f524b5d1d39fda662b96a2a/extensions/emmet/dist/node/emmetNodeMain.js:1:201770)
	at t.DefaultCompletionItemProvider.provideCompletionItemsInternal (/home/masu/.vscode-server/bin/3b889b090b5ad5793f524b5d1d39fda662b96a2a/extensions/emmet/dist/node/emmetNodeMain.js:1:186877)
	at t.DefaultCompletionItemProvider.provideCompletionItems (/home/masu/.vscode-server/bin/3b889b090b5ad5793f524b5d1d39fda662b96a2a/extensions/emmet/dist/node/emmetNodeMain.js:1:185653)
	at ne.provideCompletionItems (/home/masu/.vscode-server/bin/3b889b090b5ad5793f524b5d1d39fda662b96a2a/out/vs/workbench/api/node/extensionHostProcess.js:87:51362)
	at /home/masu/.vscode-server/bin/3b889b090b5ad5793f524b5d1d39fda662b96a2a/out/vs/workbench/api/node/extensionHostProcess.js:87:76493
	at te._withAdapter (/home/masu/.vscode-server/bin/3b889b090b5ad5793f524b5d1d39fda662b96a2a/out/vs/workbench/api/node/extensionHostProcess.js:87:66659)
	at te.$provideCompletionItems (/home/masu/.vscode-server/bin/3b889b090b5ad5793f524b5d1d39fda662b96a2a/out/vs/workbench/api/node/extensionHostProcess.js:87:76468)
	at s._doInvokeHandler (/home/masu/.vscode-server/bin/3b889b090b5ad5793f524b5d1d39fda662b96a2a/out/vs/workbench/api/node/extensionHostProcess.js:95:13708)
	at s._invokeHandler (/home/masu/.vscode-server/bin/3b889b090b5ad5793f524b5d1d39fda662b96a2a/out/vs/workbench/api/node/extensionHostProcess.js:95:13390)
	at s._receiveRequest (/home/masu/.vscode-server/bin/3b889b090b5ad5793f524b5d1d39fda662b96a2a/out/vs/workbench/api/node/extensionHostProcess.js:95:12107)
	at s._receiveOneMessage (/home/masu/.vscode-server/bin/3b889b090b5ad5793f524b5d1d39fda662b96a2a/out/vs/workbench/api/node/extensionHostProcess.js:95:10853)
	at /home/masu/.vscode-server/bin/3b889b090b5ad5793f524b5d1d39fda662b96a2a/out/vs/workbench/api/node/extensionHostProcess.js:95:8957
	at b.invoke (/home/masu/.vscode-server/bin/3b889b090b5ad5793f524b5d1d39fda662b96a2a/out/vs/workbench/api/node/extensionHostProcess.js:61:145)
	at v.deliver (/home/masu/.vscode-server/bin/3b889b090b5ad5793f524b5d1d39fda662b96a2a/out/vs/workbench/api/node/extensionHostProcess.js:61:2266)
	at p.fire (/home/masu/.vscode-server/bin/3b889b090b5ad5793f524b5d1d39fda662b96a2a/out/vs/workbench/api/node/extensionHostProcess.js:61:1844)
	at a.fire (/home/masu/.vscode-server/bin/3b889b090b5ad5793f524b5d1d39fda662b96a2a/out/vs/workbench/api/node/extensionHostProcess.js:69:18976)
	at /home/masu/.vscode-server/bin/3b889b090b5ad5793f524b5d1d39fda662b96a2a/out/vs/workbench/api/node/extensionHostProcess.js:111:34679
	at b.invoke (/home/masu/.vscode-server/bin/3b889b090b5ad5793f524b5d1d39fda662b96a2a/out/vs/workbench/api/node/extensionHostProcess.js:61:145)
	at v.deliver (/home/masu/.vscode-server/bin/3b889b090b5ad5793f524b5d1d39fda662b96a2a/out/vs/workbench/api/node/extensionHostProcess.js:61:2266)
	at p.fire (/home/masu/.vscode-server/bin/3b889b090b5ad5793f524b5d1d39fda662b96a2a/out/vs/workbench/api/node/extensionHostProcess.js:61:1844)
	at a.fire (/home/masu/.vscode-server/bin/3b889b090b5ad5793f524b5d1d39fda662b96a2a/out/vs/workbench/api/node/extensionHostProcess.js:69:18976)
	at r._receiveMessage (/home/masu/.vscode-server/bin/3b889b090b5ad5793f524b5d1d39fda662b96a2a/out/vs/workbench/api/node/extensionHostProcess.js:69:23563)
	at /home/masu/.vscode-server/bin/3b889b090b5ad5793f524b5d1d39fda662b96a2a/out/vs/workbench/api/node/extensionHostProcess.js:69:21097
	at b.invoke (/home/masu/.vscode-server/bin/3b889b090b5ad5793f524b5d1d39fda662b96a2a/out/vs/workbench/api/node/extensionHostProcess.js:61:145)
	at v.deliver (/home/masu/.vscode-server/bin/3b889b090b5ad5793f524b5d1d39fda662b96a2a/out/vs/workbench/api/node/extensionHostProcess.js:61:2266)
	at p.fire (/home/masu/.vscode-server/bin/3b889b090b5ad5793f524b5d1d39fda662b96a2a/out/vs/workbench/api/node/extensionHostProcess.js:61:1844)
	at p.acceptChunk (/home/masu/.vscode-server/bin/3b889b090b5ad5793f524b5d1d39fda662b96a2a/out/vs/workbench/api/node/extensionHostProcess.js:69:15807)
	at /home/masu/.vscode-server/bin/3b889b090b5ad5793f524b5d1d39fda662b96a2a/out/vs/workbench/api/node/extensionHostProcess.js:69:14937
	at b.invoke (/home/masu/.vscode-server/bin/3b889b090b5ad5793f524b5d1d39fda662b96a2a/out/vs/workbench/api/node/extensionHostProcess.js:61:145)
	at v.deliver (/home/masu/.vscode-server/bin/3b889b090b5ad5793f524b5d1d39fda662b96a2a/out/vs/workbench/api/node/extensionHostProcess.js:61:2266)
	at p.fire (/home/masu/.vscode-server/bin/3b889b090b5ad5793f524b5d1d39fda662b96a2a/out/vs/workbench/api/node/extensionHostProcess.js:61:1844)
	at f._processReadQueue (/home/masu/.vscode-server/bin/3b889b090b5ad5793f524b5d1d39fda662b96a2a/out/vs/workbench/api/node/extensionHostProcess.js:111:21271)
	at f.acceptFrame (/home/masu/.vscode-server/bin/3b889b090b5ad5793f524b5d1d39fda662b96a2a/out/vs/workbench/api/node/extensionHostProcess.js:111:20927)
	at v._acceptChunk (/home/masu/.vscode-server/bin/3b889b090b5ad5793f524b5d1d39fda662b96a2a/out/vs/workbench/api/node/extensionHostProcess.js:111:18891)
	at /home/masu/.vscode-server/bin/3b889b090b5ad5793f524b5d1d39fda662b96a2a/out/vs/workbench/api/node/extensionHostProcess.js:111:15880
	at Socket.R (/home/masu/.vscode-server/bin/3b889b090b5ad5793f524b5d1d39fda662b96a2a/out/vs/workbench/api/node/extensionHostProcess.js:111:13763)
	at Socket.emit (node:events:390:28)
	at addChunk (node:internal/streams/readable:315:12)
	at readableAddChunk (node:internal/streams/readable:289:9)
	at Socket.Readable.push (node:internal/streams/readable:228:10)
	at TCP.onStreamRead (node:internal/stream_base_commons:199:23)
[2022-08-04 11:24:30.192] [exthost] [error] [vscode.emmet] provider FAILED
[2022-08-04 11:24:30.194] [exthost] [error] Error: Unable to find matching pair for < at char 28
	at r.error (/home/masu/.vscode-server/bin/3b889b090b5ad5793f524b5d1d39fda662b96a2a/extensions/emmet/dist/node/emmetNodeMain.js:1:22545)
	at f (/home/masu/.vscode-server/bin/3b889b090b5ad5793f524b5d1d39fda662b96a2a/extensions/emmet/dist/node/emmetNodeMain.js:1:21775)
	at u (/home/masu/.vscode-server/bin/3b889b090b5ad5793f524b5d1d39fda662b96a2a/extensions/emmet/dist/node/emmetNodeMain.js:1:14436)
	at l (/home/masu/.vscode-server/bin/3b889b090b5ad5793f524b5d1d39fda662b96a2a/extensions/emmet/dist/node/emmetNodeMain.js:1:14549)
	at /home/masu/.vscode-server/bin/3b889b090b5ad5793f524b5d1d39fda662b96a2a/extensions/emmet/dist/node/emmetNodeMain.js:1:15164
	at m (/home/masu/.vscode-server/bin/3b889b090b5ad5793f524b5d1d39fda662b96a2a/extensions/emmet/dist/node/emmetNodeMain.js:1:15271)
	at C (/home/masu/.vscode-server/bin/3b889b090b5ad5793f524b5d1d39fda662b96a2a/extensions/emmet/dist/node/emmetNodeMain.js:1:16189)
	at _ (/home/masu/.vscode-server/bin/3b889b090b5ad5793f524b5d1d39fda662b96a2a/extensions/emmet/dist/node/emmetNodeMain.js:1:16599)
	at t.getRootNode (/home/masu/.vscode-server/bin/3b889b090b5ad5793f524b5d1d39fda662b96a2a/extensions/emmet/dist/node/emmetNodeMain.js:1:201770)
	at t.DefaultCompletionItemProvider.provideCompletionItemsInternal (/home/masu/.vscode-server/bin/3b889b090b5ad5793f524b5d1d39fda662b96a2a/extensions/emmet/dist/node/emmetNodeMain.js:1:186877)
	at t.DefaultCompletionItemProvider.provideCompletionItems (/home/masu/.vscode-server/bin/3b889b090b5ad5793f524b5d1d39fda662b96a2a/extensions/emmet/dist/node/emmetNodeMain.js:1:185653)
	at ne.provideCompletionItems (/home/masu/.vscode-server/bin/3b889b090b5ad5793f524b5d1d39fda662b96a2a/out/vs/workbench/api/node/extensionHostProcess.js:87:51362)
	at /home/masu/.vscode-server/bin/3b889b090b5ad5793f524b5d1d39fda662b96a2a/out/vs/workbench/api/node/extensionHostProcess.js:87:76493
	at te._withAdapter (/home/masu/.vscode-server/bin/3b889b090b5ad5793f524b5d1d39fda662b96a2a/out/vs/workbench/api/node/extensionHostProcess.js:87:66659)
	at te.$provideCompletionItems (/home/masu/.vscode-server/bin/3b889b090b5ad5793f524b5d1d39fda662b96a2a/out/vs/workbench/api/node/extensionHostProcess.js:87:76468)
	at s._doInvokeHandler (/home/masu/.vscode-server/bin/3b889b090b5ad5793f524b5d1d39fda662b96a2a/out/vs/workbench/api/node/extensionHostProcess.js:95:13708)
	at s._invokeHandler (/home/masu/.vscode-server/bin/3b889b090b5ad5793f524b5d1d39fda662b96a2a/out/vs/workbench/api/node/extensionHostProcess.js:95:13390)
	at s._receiveRequest (/home/masu/.vscode-server/bin/3b889b090b5ad5793f524b5d1d39fda662b96a2a/out/vs/workbench/api/node/extensionHostProcess.js:95:12107)
	at s._receiveOneMessage (/home/masu/.vscode-server/bin/3b889b090b5ad5793f524b5d1d39fda662b96a2a/out/vs/workbench/api/node/extensionHostProcess.js:95:10853)
	at /home/masu/.vscode-server/bin/3b889b090b5ad5793f524b5d1d39fda662b96a2a/out/vs/workbench/api/node/extensionHostProcess.js:95:8957
	at b.invoke (/home/masu/.vscode-server/bin/3b889b090b5ad5793f524b5d1d39fda662b96a2a/out/vs/workbench/api/node/extensionHostProcess.js:61:145)
	at v.deliver (/home/masu/.vscode-server/bin/3b889b090b5ad5793f524b5d1d39fda662b96a2a/out/vs/workbench/api/node/extensionHostProcess.js:61:2266)
	at p.fire (/home/masu/.vscode-server/bin/3b889b090b5ad5793f524b5d1d39fda662b96a2a/out/vs/workbench/api/node/extensionHostProcess.js:61:1844)
	at a.fire (/home/masu/.vscode-server/bin/3b889b090b5ad5793f524b5d1d39fda662b96a2a/out/vs/workbench/api/node/extensionHostProcess.js:69:18976)
	at /home/masu/.vscode-server/bin/3b889b090b5ad5793f524b5d1d39fda662b96a2a/out/vs/workbench/api/node/extensionHostProcess.js:111:34679
	at b.invoke (/home/masu/.vscode-server/bin/3b889b090b5ad5793f524b5d1d39fda662b96a2a/out/vs/workbench/api/node/extensionHostProcess.js:61:145)
	at v.deliver (/home/masu/.vscode-server/bin/3b889b090b5ad5793f524b5d1d39fda662b96a2a/out/vs/workbench/api/node/extensionHostProcess.js:61:2266)
	at p.fire (/home/masu/.vscode-server/bin/3b889b090b5ad5793f524b5d1d39fda662b96a2a/out/vs/workbench/api/node/extensionHostProcess.js:61:1844)
	at a.fire (/home/masu/.vscode-server/bin/3b889b090b5ad5793f524b5d1d39fda662b96a2a/out/vs/workbench/api/node/extensionHostProcess.js:69:18976)
	at r._receiveMessage (/home/masu/.vscode-server/bin/3b889b090b5ad5793f524b5d1d39fda662b96a2a/out/vs/workbench/api/node/extensionHostProcess.js:69:23563)
	at /home/masu/.vscode-server/bin/3b889b090b5ad5793f524b5d1d39fda662b96a2a/out/vs/workbench/api/node/extensionHostProcess.js:69:21097
	at b.invoke (/home/masu/.vscode-server/bin/3b889b090b5ad5793f524b5d1d39fda662b96a2a/out/vs/workbench/api/node/extensionHostProcess.js:61:145)
	at v.deliver (/home/masu/.vscode-server/bin/3b889b090b5ad5793f524b5d1d39fda662b96a2a/out/vs/workbench/api/node/extensionHostProcess.js:61:2266)
	at p.fire (/home/masu/.vscode-server/bin/3b889b090b5ad5793f524b5d1d39fda662b96a2a/out/vs/workbench/api/node/extensionHostProcess.js:61:1844)
	at p.acceptChunk (/home/masu/.vscode-server/bin/3b889b090b5ad5793f524b5d1d39fda662b96a2a/out/vs/workbench/api/node/extensionHostProcess.js:69:15807)
	at /home/masu/.vscode-server/bin/3b889b090b5ad5793f524b5d1d39fda662b96a2a/out/vs/workbench/api/node/extensionHostProcess.js:69:14937
	at b.invoke (/home/masu/.vscode-server/bin/3b889b090b5ad5793f524b5d1d39fda662b96a2a/out/vs/workbench/api/node/extensionHostProcess.js:61:145)
	at v.deliver (/home/masu/.vscode-server/bin/3b889b090b5ad5793f524b5d1d39fda662b96a2a/out/vs/workbench/api/node/extensionHostProcess.js:61:2266)
	at p.fire (/home/masu/.vscode-server/bin/3b889b090b5ad5793f524b5d1d39fda662b96a2a/out/vs/workbench/api/node/extensionHostProcess.js:61:1844)
	at f._processReadQueue (/home/masu/.vscode-server/bin/3b889b090b5ad5793f524b5d1d39fda662b96a2a/out/vs/workbench/api/node/extensionHostProcess.js:111:21271)
	at f.acceptFrame (/home/masu/.vscode-server/bin/3b889b090b5ad5793f524b5d1d39fda662b96a2a/out/vs/workbench/api/node/extensionHostProcess.js:111:20927)
	at v._acceptChunk (/home/masu/.vscode-server/bin/3b889b090b5ad5793f524b5d1d39fda662b96a2a/out/vs/workbench/api/node/extensionHostProcess.js:111:18891)
	at /home/masu/.vscode-server/bin/3b889b090b5ad5793f524b5d1d39fda662b96a2a/out/vs/workbench/api/node/extensionHostProcess.js:111:15880
	at Socket.R (/home/masu/.vscode-server/bin/3b889b090b5ad5793f524b5d1d39fda662b96a2a/out/vs/workbench/api/node/extensionHostProcess.js:111:13763)
	at Socket.emit (node:events:390:28)
	at addChunk (node:internal/streams/readable:315:12)
	at readableAddChunk (node:internal/streams/readable:289:9)
	at Socket.Readable.push (node:internal/streams/readable:228:10)
	at TCP.onStreamRead (node:internal/stream_base_commons:199:23)
[2022-08-04 11:24:33.021] [exthost] [error] [vscode.emmet] provider FAILED
[2022-08-04 11:24:33.024] [exthost] [error] Error: Unable to find matching pair for < at char 28
	at r.error (/home/masu/.vscode-server/bin/3b889b090b5ad5793f524b5d1d39fda662b96a2a/extensions/emmet/dist/node/emmetNodeMain.js:1:22545)
	at f (/home/masu/.vscode-server/bin/3b889b090b5ad5793f524b5d1d39fda662b96a2a/extensions/emmet/dist/node/emmetNodeMain.js:1:21775)
	at u (/home/masu/.vscode-server/bin/3b889b090b5ad5793f524b5d1d39fda662b96a2a/extensions/emmet/dist/node/emmetNodeMain.js:1:14436)
	at l (/home/masu/.vscode-server/bin/3b889b090b5ad5793f524b5d1d39fda662b96a2a/extensions/emmet/dist/node/emmetNodeMain.js:1:14549)
	at /home/masu/.vscode-server/bin/3b889b090b5ad5793f524b5d1d39fda662b96a2a/extensions/emmet/dist/node/emmetNodeMain.js:1:15164
	at m (/home/masu/.vscode-server/bin/3b889b090b5ad5793f524b5d1d39fda662b96a2a/extensions/emmet/dist/node/emmetNodeMain.js:1:15271)
	at C (/home/masu/.vscode-server/bin/3b889b090b5ad5793f524b5d1d39fda662b96a2a/extensions/emmet/dist/node/emmetNodeMain.js:1:16189)
	at _ (/home/masu/.vscode-server/bin/3b889b090b5ad5793f524b5d1d39fda662b96a2a/extensions/emmet/dist/node/emmetNodeMain.js:1:16599)
	at t.getRootNode (/home/masu/.vscode-server/bin/3b889b090b5ad5793f524b5d1d39fda662b96a2a/extensions/emmet/dist/node/emmetNodeMain.js:1:201770)
	at t.DefaultCompletionItemProvider.provideCompletionItemsInternal (/home/masu/.vscode-server/bin/3b889b090b5ad5793f524b5d1d39fda662b96a2a/extensions/emmet/dist/node/emmetNodeMain.js:1:186877)
	at t.DefaultCompletionItemProvider.provideCompletionItems (/home/masu/.vscode-server/bin/3b889b090b5ad5793f524b5d1d39fda662b96a2a/extensions/emmet/dist/node/emmetNodeMain.js:1:185653)
	at ne.provideCompletionItems (/home/masu/.vscode-server/bin/3b889b090b5ad5793f524b5d1d39fda662b96a2a/out/vs/workbench/api/node/extensionHostProcess.js:87:51362)
	at /home/masu/.vscode-server/bin/3b889b090b5ad5793f524b5d1d39fda662b96a2a/out/vs/workbench/api/node/extensionHostProcess.js:87:76493
	at te._withAdapter (/home/masu/.vscode-server/bin/3b889b090b5ad5793f524b5d1d39fda662b96a2a/out/vs/workbench/api/node/extensionHostProcess.js:87:66659)
	at te.$provideCompletionItems (/home/masu/.vscode-server/bin/3b889b090b5ad5793f524b5d1d39fda662b96a2a/out/vs/workbench/api/node/extensionHostProcess.js:87:76468)
	at s._doInvokeHandler (/home/masu/.vscode-server/bin/3b889b090b5ad5793f524b5d1d39fda662b96a2a/out/vs/workbench/api/node/extensionHostProcess.js:95:13708)
	at s._invokeHandler (/home/masu/.vscode-server/bin/3b889b090b5ad5793f524b5d1d39fda662b96a2a/out/vs/workbench/api/node/extensionHostProcess.js:95:13390)
	at s._receiveRequest (/home/masu/.vscode-server/bin/3b889b090b5ad5793f524b5d1d39fda662b96a2a/out/vs/workbench/api/node/extensionHostProcess.js:95:12107)
	at s._receiveOneMessage (/home/masu/.vscode-server/bin/3b889b090b5ad5793f524b5d1d39fda662b96a2a/out/vs/workbench/api/node/extensionHostProcess.js:95:10853)
	at /home/masu/.vscode-server/bin/3b889b090b5ad5793f524b5d1d39fda662b96a2a/out/vs/workbench/api/node/extensionHostProcess.js:95:8957
	at b.invoke (/home/masu/.vscode-server/bin/3b889b090b5ad5793f524b5d1d39fda662b96a2a/out/vs/workbench/api/node/extensionHostProcess.js:61:145)
	at v.deliver (/home/masu/.vscode-server/bin/3b889b090b5ad5793f524b5d1d39fda662b96a2a/out/vs/workbench/api/node/extensionHostProcess.js:61:2266)
	at p.fire (/home/masu/.vscode-server/bin/3b889b090b5ad5793f524b5d1d39fda662b96a2a/out/vs/workbench/api/node/extensionHostProcess.js:61:1844)
	at a.fire (/home/masu/.vscode-server/bin/3b889b090b5ad5793f524b5d1d39fda662b96a2a/out/vs/workbench/api/node/extensionHostProcess.js:69:18976)
	at /home/masu/.vscode-server/bin/3b889b090b5ad5793f524b5d1d39fda662b96a2a/out/vs/workbench/api/node/extensionHostProcess.js:111:34679
	at b.invoke (/home/masu/.vscode-server/bin/3b889b090b5ad5793f524b5d1d39fda662b96a2a/out/vs/workbench/api/node/extensionHostProcess.js:61:145)
	at v.deliver (/home/masu/.vscode-server/bin/3b889b090b5ad5793f524b5d1d39fda662b96a2a/out/vs/workbench/api/node/extensionHostProcess.js:61:2266)
	at p.fire (/home/masu/.vscode-server/bin/3b889b090b5ad5793f524b5d1d39fda662b96a2a/out/vs/workbench/api/node/extensionHostProcess.js:61:1844)
	at a.fire (/home/masu/.vscode-server/bin/3b889b090b5ad5793f524b5d1d39fda662b96a2a/out/vs/workbench/api/node/extensionHostProcess.js:69:18976)
	at r._receiveMessage (/home/masu/.vscode-server/bin/3b889b090b5ad5793f524b5d1d39fda662b96a2a/out/vs/workbench/api/node/extensionHostProcess.js:69:23563)
	at /home/masu/.vscode-server/bin/3b889b090b5ad5793f524b5d1d39fda662b96a2a/out/vs/workbench/api/node/extensionHostProcess.js:69:21097
	at b.invoke (/home/masu/.vscode-server/bin/3b889b090b5ad5793f524b5d1d39fda662b96a2a/out/vs/workbench/api/node/extensionHostProcess.js:61:145)
	at v.deliver (/home/masu/.vscode-server/bin/3b889b090b5ad5793f524b5d1d39fda662b96a2a/out/vs/workbench/api/node/extensionHostProcess.js:61:2266)
	at p.fire (/home/masu/.vscode-server/bin/3b889b090b5ad5793f524b5d1d39fda662b96a2a/out/vs/workbench/api/node/extensionHostProcess.js:61:1844)
	at p.acceptChunk (/home/masu/.vscode-server/bin/3b889b090b5ad5793f524b5d1d39fda662b96a2a/out/vs/workbench/api/node/extensionHostProcess.js:69:15807)
	at /home/masu/.vscode-server/bin/3b889b090b5ad5793f524b5d1d39fda662b96a2a/out/vs/workbench/api/node/extensionHostProcess.js:69:14937
	at b.invoke (/home/masu/.vscode-server/bin/3b889b090b5ad5793f524b5d1d39fda662b96a2a/out/vs/workbench/api/node/extensionHostProcess.js:61:145)
	at v.deliver (/home/masu/.vscode-server/bin/3b889b090b5ad5793f524b5d1d39fda662b96a2a/out/vs/workbench/api/node/extensionHostProcess.js:61:2266)
	at p.fire (/home/masu/.vscode-server/bin/3b889b090b5ad5793f524b5d1d39fda662b96a2a/out/vs/workbench/api/node/extensionHostProcess.js:61:1844)
	at f._processReadQueue (/home/masu/.vscode-server/bin/3b889b090b5ad5793f524b5d1d39fda662b96a2a/out/vs/workbench/api/node/extensionHostProcess.js:111:21271)
	at f.acceptFrame (/home/masu/.vscode-server/bin/3b889b090b5ad5793f524b5d1d39fda662b96a2a/out/vs/workbench/api/node/extensionHostProcess.js:111:20927)
	at v._acceptChunk (/home/masu/.vscode-server/bin/3b889b090b5ad5793f524b5d1d39fda662b96a2a/out/vs/workbench/api/node/extensionHostProcess.js:111:18891)
	at /home/masu/.vscode-server/bin/3b889b090b5ad5793f524b5d1d39fda662b96a2a/out/vs/workbench/api/node/extensionHostProcess.js:111:15880
	at Socket.R (/home/masu/.vscode-server/bin/3b889b090b5ad5793f524b5d1d39fda662b96a2a/out/vs/workbench/api/node/extensionHostProcess.js:111:13763)
	at Socket.emit (node:events:390:28)
	at addChunk (node:internal/streams/readable:315:12)
	at readableAddChunk (node:internal/streams/readable:289:9)
	at Socket.Readable.push (node:internal/streams/readable:228:10)
	at TCP.onStreamRead (node:internal/stream_base_commons:199:23)
[2022-08-04 11:24:44.987] [exthost] [warning] [Decorations] CAPPING events from decorations provider vscode.git 3469
[2022-08-04 11:25:06.308] [exthost] [warning] [Decorations] CAPPING events from decorations provider vscode.git 3469
[2022-08-04 11:25:28.118] [exthost] [warning] [Decorations] CAPPING events from decorations provider vscode.git 3469
[2022-08-04 11:25:53.105] [exthost] [warning] [Decorations] CAPPING events from decorations provider vscode.git 3470
[2022-08-04 11:26:15.563] [exthost] [warning] [Decorations] CAPPING events from decorations provider vscode.git 3470
[2022-08-04 11:26:46.235] [exthost] [warning] [Decorations] CAPPING events from decorations provider vscode.git 3470
[2022-08-04 11:27:48.796] [exthost] [warning] [Decorations] CAPPING events from decorations provider vscode.git 3470
[2022-08-04 11:28:18.656] [exthost] [warning] [Decorations] CAPPING events from decorations provider vscode.git 3467
[2022-08-04 11:29:14.374] [exthost] [warning] [Decorations] CAPPING events from decorations provider vscode.git 3467
[2022-08-04 11:29:39.796] [exthost] [warning] [Decorations] CAPPING events from decorations provider vscode.git 3467
[2022-08-04 11:30:45.600] [exthost] [warning] [Decorations] CAPPING events from decorations provider vscode.git 3467
[2022-08-04 11:31:48.593] [exthost] [warning] [Decorations] CAPPING events from decorations provider vscode.git 3467
[2022-08-04 11:32:43.977] [exthost] [warning] [Decorations] CAPPING events from decorations provider vscode.git 3467
[2022-08-04 11:35:02.112] [exthost] [warning] [Decorations] CAPPING events from decorations provider vscode.git 3467
[2022-08-04 11:36:51.670] [exthost] [warning] [Decorations] CAPPING events from decorations provider vscode.git 3467
[2022-08-04 11:37:34.643] [exthost] [warning] [Decorations] CAPPING events from decorations provider vscode.git 3467
[2022-08-04 11:38:13.012] [exthost] [warning] [Decorations] CAPPING events from decorations provider vscode.git 3468
[2022-08-04 11:38:45.930] [exthost] [warning] [Decorations] CAPPING events from decorations provider vscode.git 3468
[2022-08-04 11:39:29.425] [exthost] [warning] [Decorations] CAPPING events from decorations provider vscode.git 3468
