[2022-08-04 11:43:18.644] [exthost] [info] Extension host with pid 56 started
[2022-08-04 11:43:18.965] [exthost] [error] Error: EEXIST: file already exists, open '/home/masu/.vscode-server/data/User/workspaceStorage/993286205fcea06cd7bce83839c9a801/vscode.lock'
[2022-08-04 11:43:20.067] [exthost] [info] Lock '/home/masu/.vscode-server/data/User/workspaceStorage/993286205fcea06cd7bce83839c9a801/vscode.lock': Could not acquire lock, checking if the file is stale.
[2022-08-04 11:43:20.275] [exthost] [info] Lock '/home/masu/.vscode-server/data/User/workspaceStorage/993286205fcea06cd7bce83839c9a801/vscode.lock': The pid 13964 appears to be gone.
[2022-08-04 11:43:20.276] [exthost] [info] Lock '/home/masu/.vscode-server/data/User/workspaceStorage/993286205fcea06cd7bce83839c9a801/vscode.lock': Deleting a stale lock.
[2022-08-04 11:43:20.895] [exthost] [info] ExtensionService#_doActivateExtension vscode.html-language-features, startup: false, activationEvent: 'onLanguage:html'
[2022-08-04 11:43:21.844] [exthost] [info] ExtensionService#_doActivateExtension vscode.debug-auto-launch, startup: true, activationEvent: '*'
[2022-08-04 11:43:21.921] [exthost] [info] ExtensionService#_doActivateExtension vscode.git-base, startup: true, activationEvent: '*', root cause: vscode.git
[2022-08-04 11:43:22.025] [exthost] [info] ExtensionService#_doActivateExtension vscode.ipynb, startup: true, activationEvent: '*'
[2022-08-04 11:43:22.925] [exthost] [info] Lock '/home/masu/.vscode-server/data/User/workspaceStorage/993286205fcea06cd7bce83839c9a801/vscode.lock': Lock acquired.
[2022-08-04 11:43:23.887] [exthost] [info] ExtensionService#_doActivateExtension vscode.git, startup: true, activationEvent: '*'
[2022-08-04 11:43:24.891] [exthost] [info] ExtensionService#_doActivateExtension vscode.github, startup: true, activationEvent: '*'
[2022-08-04 11:43:32.765] [exthost] [info] ExtensionService#_doActivateExtension vscode.emmet, startup: false, activationEvent: 'onStartupFinished'
[2022-08-04 11:43:32.890] [exthost] [info] ExtensionService#_doActivateExtension vscode.merge-conflict, startup: false, activationEvent: 'onStartupFinished'
[2022-08-04 11:43:35.712] [exthost] [info] Eager extensions activated
[2022-08-04 11:44:07.902] [exthost] [warning] [Decorations] CAPPING events from decorations provider vscode.git 3472
[2022-08-04 11:44:49.198] [exthost] [warning] [Decorations] CAPPING events from decorations provider vscode.git 3472
[2022-08-04 11:45:29.293] [exthost] [warning] [Decorations] CAPPING events from decorations provider vscode.git 3472
[2022-08-04 11:46:03.786] [exthost] [warning] [Decorations] CAPPING events from decorations provider vscode.git 3472
[2022-08-04 11:46:43.401] [exthost] [warning] [Decorations] CAPPING events from decorations provider vscode.git 3472
[2022-08-04 11:47:13.649] [exthost] [warning] [Decorations] CAPPING events from decorations provider vscode.git 3472
[2022-08-04 11:47:45.249] [exthost] [warning] [Decorations] CAPPING events from decorations provider vscode.git 3472
[2022-08-04 11:48:21.770] [exthost] [warning] [Decorations] CAPPING events from decorations provider vscode.git 3475
[2022-08-04 11:49:04.190] [exthost] [warning] [Decorations] CAPPING events from decorations provider vscode.git 3486
[2022-08-04 11:49:57.812] [exthost] [warning] [Decorations] CAPPING events from decorations provider vscode.git 3486
[2022-08-04 11:50:19.488] [exthost] [warning] [Decorations] CAPPING events from decorations provider vscode.git 3487
[2022-08-04 11:50:42.096] [exthost] [warning] [Decorations] CAPPING events from decorations provider vscode.git 3488
[2022-08-04 11:51:05.272] [exthost] [warning] [Decorations] CAPPING events from decorations provider vscode.git 3488
[2022-08-04 11:51:31.005] [exthost] [warning] [Decorations] CAPPING events from decorations provider vscode.git 3488
[2022-08-04 11:52:14.914] [exthost] [warning] [Decorations] CAPPING events from decorations provider vscode.git 3488
[2022-08-04 11:52:48.812] [exthost] [warning] [Decorations] CAPPING events from decorations provider vscode.git 3488
[2022-08-04 11:53:56.754] [exthost] [warning] [Decorations] CAPPING events from decorations provider vscode.git 3488
