[2022-08-04T06:57:23.077Z] Log level: Info
[2022-08-04T06:57:23.352Z] [info] Validating found git in: git
[2022-08-04T06:57:28.852Z] [info] Using git 2.25.1 from git
[2022-08-04T06:57:33.561Z] > git rev-parse --show-toplevel [1930ms]
[2022-08-04T06:57:36.762Z] > git rev-parse --git-dir --git-common-dir [314ms]
[2022-08-04T06:57:36.874Z] [info] Open repository: /home/masu/projects/phase-0-git-basics-lab
[2022-08-04T06:57:41.642Z] > git status -z -uall [2194ms]
[2022-08-04T06:57:44.285Z] > git symbolic-ref --short HEAD [108ms]
[2022-08-04T06:57:47.035Z] > git for-each-ref --format=%(refname)%00%(upstream:short)%00%(objectname)%00%(upstream:track)%00%(upstream:remotename)%00%(upstream:remoteref) refs/heads/master refs/remotes/master [154ms]
[2022-08-04T06:57:53.675Z] > git for-each-ref --sort -committerdate --format %(refname) %(objectname) %(*objectname) [3814ms]
[2022-08-04T06:57:53.737Z] > git remote --verbose [75ms]
[2022-08-04T06:57:56.443Z] > git config --get commit.template [49ms]
[2022-08-04T06:57:59.148Z] > git status -z -uall [115ms]
[2022-08-04T06:58:02.673Z] > git symbolic-ref --short HEAD [737ms]
[2022-08-04T06:58:06.119Z] > git for-each-ref --format=%(refname)%00%(upstream:short)%00%(objectname)%00%(upstream:track)%00%(upstream:remotename)%00%(upstream:remoteref) refs/heads/master refs/remotes/master [87ms]
[2022-08-04T06:58:11.590Z] > git for-each-ref --sort -committerdate --format %(refname) %(objectname) %(*objectname) [2607ms]
[2022-08-04T06:58:11.595Z] > git remote --verbose [34ms]
[2022-08-04T06:58:14.266Z] > git config --get commit.template [45ms]
[2022-08-04T07:00:00.641Z] > git status -z -uall [87ms]
[2022-08-04T07:00:02.896Z] > git symbolic-ref --short HEAD [52ms]
[2022-08-04T07:00:05.426Z] > git for-each-ref --format=%(refname)%00%(upstream:short)%00%(objectname)%00%(upstream:track)%00%(upstream:remotename)%00%(upstream:remoteref) refs/heads/master refs/remotes/master [34ms]
[2022-08-04T07:00:11.985Z] > git remote --verbose [444ms]
[2022-08-04T07:00:11.988Z] > git for-each-ref --sort -committerdate --format %(refname) %(objectname) %(*objectname) [3786ms]
[2022-08-04T07:00:14.708Z] > git config --get commit.template [101ms]
[2022-08-04T07:00:49.763Z] > git status -z -uall [2529ms]
[2022-08-04T07:00:52.274Z] > git check-ignore -v -z --stdin [2537ms]
[2022-08-04T07:00:52.290Z] > git symbolic-ref --short HEAD [73ms]
[2022-08-04T07:00:54.803Z] > git for-each-ref --format=%(refname)%00%(upstream:short)%00%(objectname)%00%(upstream:track)%00%(upstream:remotename)%00%(upstream:remoteref) refs/heads/master refs/remotes/master [36ms]
[2022-08-04T07:00:59.755Z] > git remote --verbose [42ms]
[2022-08-04T07:00:59.758Z] > git for-each-ref --sort -committerdate --format %(refname) %(objectname) %(*objectname) [2544ms]
[2022-08-04T07:01:02.405Z] > git config --get commit.template [59ms]
[2022-08-04T07:01:27.691Z] > git status -z -uall [392ms]
[2022-08-04T07:01:30.591Z] > git symbolic-ref --short HEAD [250ms]
[2022-08-04T07:01:33.262Z] > git for-each-ref --format=%(refname)%00%(upstream:short)%00%(objectname)%00%(upstream:track)%00%(upstream:remotename)%00%(upstream:remoteref) refs/heads/master refs/remotes/master [167ms]
[2022-08-04T07:01:39.053Z] > git for-each-ref --sort -committerdate --format %(refname) %(objectname) %(*objectname) [3298ms]
[2022-08-04T07:01:39.062Z] > git remote --verbose [888ms]
[2022-08-04T07:01:42.114Z] > git config --get commit.template [69ms]
[2022-08-04T07:09:15.442Z] > git status -z -uall [184ms]
[2022-08-04T07:09:19.948Z] > git symbolic-ref --short HEAD [76ms]
[2022-08-04T07:09:22.274Z] > git for-each-ref --format=%(refname)%00%(upstream:short)%00%(objectname)%00%(upstream:track)%00%(upstream:remotename)%00%(upstream:remoteref) refs/heads/master refs/remotes/master [28ms]
[2022-08-04T07:09:27.033Z] > git remote --verbose [51ms]
[2022-08-04T07:09:27.034Z] > git for-each-ref --sort -committerdate --format %(refname) %(objectname) %(*objectname) [2468ms]
[2022-08-04T07:09:30.093Z] > git config --get commit.template [27ms]
[2022-08-04T07:09:49.510Z] > git status -z -uall [1305ms]
[2022-08-04T07:09:51.711Z] > git symbolic-ref --short HEAD [28ms]
[2022-08-04T07:09:54.002Z] > git for-each-ref --format=%(refname)%00%(upstream:short)%00%(objectname)%00%(upstream:track)%00%(upstream:remotename)%00%(upstream:remoteref) refs/heads/master refs/remotes/master [30ms]
[2022-08-04T07:09:58.699Z] > git for-each-ref --sort -committerdate --format %(refname) %(objectname) %(*objectname) [2360ms]
[2022-08-04T07:09:58.702Z] > git remote --verbose [59ms]
[2022-08-04T07:10:00.833Z] > git config --get commit.template [20ms]
[2022-08-04T07:12:57.660Z] > git status -z -uall [739ms]
[2022-08-04T07:12:59.844Z] > git symbolic-ref --short HEAD [21ms]
[2022-08-04T07:13:02.304Z] > git for-each-ref --format=%(refname)%00%(upstream:short)%00%(objectname)%00%(upstream:track)%00%(upstream:remotename)%00%(upstream:remoteref) refs/heads/master refs/remotes/master [30ms]
[2022-08-04T07:13:08.308Z] > git for-each-ref --sort -committerdate --format %(refname) %(objectname) %(*objectname) [3627ms]
[2022-08-04T07:13:08.353Z] > git remote --verbose [66ms]
[2022-08-04T07:13:11.109Z] > git config --get commit.template [32ms]
[2022-08-04T07:15:55.188Z] > git status -z -uall [1221ms]
[2022-08-04T07:15:57.865Z] > git symbolic-ref --short HEAD [38ms]
[2022-08-04T07:16:00.563Z] > git for-each-ref --format=%(refname)%00%(upstream:short)%00%(objectname)%00%(upstream:track)%00%(upstream:remotename)%00%(upstream:remoteref) refs/heads/master refs/remotes/master [43ms]
[2022-08-04T07:16:07.044Z] > git remote --verbose [141ms]
[2022-08-04T07:16:07.054Z] > git for-each-ref --sort -committerdate --format %(refname) %(objectname) %(*objectname) [3690ms]
[2022-08-04T07:16:10.139Z] > git config --get commit.template [105ms]
[2022-08-04T07:22:17.426Z] > git status -z -uall [1084ms]
[2022-08-04T07:22:22.621Z] > git symbolic-ref --short HEAD [48ms]
[2022-08-04T07:22:25.005Z] > git for-each-ref --format=%(refname)%00%(upstream:short)%00%(objectname)%00%(upstream:track)%00%(upstream:remotename)%00%(upstream:remoteref) refs/heads/master refs/remotes/master [43ms]
[2022-08-04T07:22:30.039Z] > git remote --verbose [59ms]
[2022-08-04T07:22:30.040Z] > git for-each-ref --sort -committerdate --format %(refname) %(objectname) %(*objectname) [2450ms]
[2022-08-04T07:22:32.518Z] > git config --get commit.template [16ms]
[2022-08-04T07:22:41.263Z] > git status -z -uall [868ms]
[2022-08-04T07:22:43.868Z] > git symbolic-ref --short HEAD [33ms]
[2022-08-04T07:22:48.721Z] > git for-each-ref --format=%(refname)%00%(upstream:short)%00%(objectname)%00%(upstream:track)%00%(upstream:remotename)%00%(upstream:remoteref) refs/heads/master refs/remotes/master [506ms]
[2022-08-04T07:22:55.560Z] > git remote --verbose [205ms]
[2022-08-04T07:22:55.565Z] > git for-each-ref --sort -committerdate --format %(refname) %(objectname) %(*objectname) [4122ms]
[2022-08-04T07:22:58.991Z] > git config --get commit.template [56ms]
[2022-08-04T07:26:04.378Z] > git status -z -uall [619ms]
[2022-08-04T07:26:06.579Z] > git symbolic-ref --short HEAD [76ms]
[2022-08-04T07:26:08.866Z] > git for-each-ref --format=%(refname)%00%(upstream:short)%00%(objectname)%00%(upstream:track)%00%(upstream:remotename)%00%(upstream:remoteref) refs/heads/master refs/remotes/master [27ms]
[2022-08-04T07:26:14.553Z] > git for-each-ref --sort -committerdate --format %(refname) %(objectname) %(*objectname) [3345ms]
[2022-08-04T07:26:14.564Z] > git remote --verbose [23ms]
[2022-08-04T07:26:16.851Z] > git config --get commit.template [32ms]
[2022-08-04T07:40:28.603Z] > git show --textconv :my-repository/README.md [6642ms]
[2022-08-04T07:40:28.604Z] > git ls-files --stage -- /home/masu/projects/phase-0-git-basics-lab/my-repository/README.md [1672ms]
[2022-08-04T07:40:40.233Z] > git status -z -uall [562ms]
[2022-08-04T07:40:42.115Z] > git symbolic-ref --short HEAD [21ms]
[2022-08-04T07:40:44.073Z] > git for-each-ref --format=%(refname)%00%(upstream:short)%00%(objectname)%00%(upstream:track)%00%(upstream:remotename)%00%(upstream:remoteref) refs/heads/master refs/remotes/master [35ms]
[2022-08-04T07:40:48.528Z] > git for-each-ref --sort -committerdate --format %(refname) %(objectname) %(*objectname) [2228ms]
[2022-08-04T07:40:48.536Z] > git remote --verbose [31ms]
[2022-08-04T07:40:50.736Z] > git config --get commit.template [32ms]
[2022-08-04T07:40:58.621Z] > git status -z -uall [680ms]
[2022-08-04T07:41:00.768Z] > git symbolic-ref --short HEAD [25ms]
[2022-08-04T07:41:02.949Z] > git for-each-ref --format=%(refname)%00%(upstream:short)%00%(objectname)%00%(upstream:track)%00%(upstream:remotename)%00%(upstream:remoteref) refs/heads/master refs/remotes/master [37ms]
[2022-08-04T07:41:08.100Z] > git remote --verbose [166ms]
[2022-08-04T07:41:08.102Z] > git for-each-ref --sort -committerdate --format %(refname) %(objectname) %(*objectname) [2713ms]
[2022-08-04T07:41:10.706Z] > git config --get commit.template [16ms]
[2022-08-04T07:41:23.426Z] > git status -z -uall [741ms]
[2022-08-04T07:41:25.787Z] > git symbolic-ref --short HEAD [24ms]
[2022-08-04T07:41:28.221Z] > git for-each-ref --format=%(refname)%00%(upstream:short)%00%(objectname)%00%(upstream:track)%00%(upstream:remotename)%00%(upstream:remoteref) refs/heads/master refs/remotes/master [57ms]
[2022-08-04T07:41:33.511Z] > git for-each-ref --sort -committerdate --format %(refname) %(objectname) %(*objectname) [2490ms]
[2022-08-04T07:41:33.517Z] > git remote --verbose [35ms]
[2022-08-04T07:41:35.998Z] > git config --get commit.template [30ms]
