[2022-08-03T20:44:25.689Z] Log level: Info
[2022-08-03T20:44:25.720Z] [info] Validating found git in: git
[2022-08-03T20:44:30.022Z] [info] Using git 2.25.1 from git
[2022-08-03T20:44:32.136Z] > git rev-parse --show-toplevel [36ms]
[2022-08-03T20:44:34.093Z] > git rev-parse --git-dir --git-common-dir [98ms]
[2022-08-03T20:44:34.107Z] [info] Open repository: /home/masu/phase-0-html-document-structure-lab
[2022-08-03T20:44:36.287Z] > git status -z -uall [448ms]
[2022-08-03T20:44:40.374Z] > git check-ignore -v -z --stdin [16ms]
[2022-08-03T20:44:40.383Z] > git symbolic-ref --short HEAD [2341ms]
[2022-08-03T20:44:42.287Z] > git for-each-ref --format=%(refname)%00%(upstream:short)%00%(objectname)%00%(upstream:track)%00%(upstream:remotename)%00%(upstream:remoteref) refs/heads/master refs/remotes/master [30ms]
[2022-08-03T20:44:46.029Z] > git for-each-ref --sort -committerdate --format %(refname) %(objectname) %(*objectname) [1873ms]
[2022-08-03T20:44:46.037Z] > git remote --verbose [19ms]
[2022-08-03T20:44:47.965Z] > git config --get commit.template [32ms]
[2022-08-03T20:44:50.357Z] > git status -z -uall [49ms]
[2022-08-03T20:44:52.956Z] > git symbolic-ref --short HEAD [56ms]
[2022-08-03T20:44:55.500Z] > git for-each-ref --format=%(refname)%00%(upstream:short)%00%(objectname)%00%(upstream:track)%00%(upstream:remotename)%00%(upstream:remoteref) refs/heads/master refs/remotes/master [82ms]
[2022-08-03T20:45:01.161Z] > git for-each-ref --sort -committerdate --format %(refname) %(objectname) %(*objectname) [2533ms]
[2022-08-03T20:45:01.205Z] > git remote --verbose [88ms]
[2022-08-03T20:45:03.723Z] > git config --get commit.template [47ms]
[2022-08-03T20:53:34.708Z] > git show --textconv :index.html [2362ms]
[2022-08-03T20:53:34.791Z] > git ls-files --stage -- /home/masu/phase-0-html-document-structure-lab/index.html [168ms]
[2022-08-03T20:53:38.541Z] > git cat-file -s 4ee34e565b001351951639c67fbe5c7b221a9b45 [1665ms]
[2022-08-03T20:54:51.196Z] > git show --textconv :LICENSE.md [2283ms]
[2022-08-03T20:54:51.197Z] > git ls-files --stage -- /home/masu/phase-0-html-document-structure-lab/LICENSE.md [104ms]
[2022-08-03T20:54:53.136Z] > git cat-file -s 47958ae6a438173027294086e692bf1dcc976c8f [31ms]
[2022-08-03T20:54:56.923Z] > git show --textconv :index.html [1785ms]
[2022-08-03T20:54:56.926Z] > git ls-files --stage -- /home/masu/phase-0-html-document-structure-lab/index.html [24ms]
[2022-08-03T20:54:58.657Z] > git cat-file -s 4ee34e565b001351951639c67fbe5c7b221a9b45 [19ms]
[2022-08-03T20:55:08.093Z] > git status -z -uall [60ms]
[2022-08-03T20:55:10.015Z] > git symbolic-ref --short HEAD [48ms]
[2022-08-03T20:55:11.896Z] > git for-each-ref --format=%(refname)%00%(upstream:short)%00%(objectname)%00%(upstream:track)%00%(upstream:remotename)%00%(upstream:remoteref) refs/heads/master refs/remotes/master [57ms]
[2022-08-03T20:55:15.612Z] > git for-each-ref --sort -committerdate --format %(refname) %(objectname) %(*objectname) [1953ms]
[2022-08-03T20:55:15.622Z] > git remote --verbose [70ms]
[2022-08-03T20:55:17.708Z] > git config --get commit.template [149ms]
[2022-08-03T20:55:24.640Z] > git status -z -uall [71ms]
[2022-08-03T20:55:26.552Z] > git symbolic-ref --short HEAD [35ms]
[2022-08-03T20:55:28.429Z] > git for-each-ref --format=%(refname)%00%(upstream:short)%00%(objectname)%00%(upstream:track)%00%(upstream:remotename)%00%(upstream:remoteref) refs/heads/master refs/remotes/master [60ms]
[2022-08-03T20:55:32.076Z] > git for-each-ref --sort -committerdate --format %(refname) %(objectname) %(*objectname) [1864ms]
[2022-08-03T20:55:32.148Z] > git remote --verbose [131ms]
[2022-08-03T20:55:34.073Z] > git config --get commit.template [51ms]
[2022-08-03T20:55:41.069Z] > git status -z -uall [81ms]
[2022-08-03T20:55:42.930Z] > git symbolic-ref --short HEAD [56ms]
[2022-08-03T20:55:44.869Z] > git for-each-ref --format=%(refname)%00%(upstream:short)%00%(objectname)%00%(upstream:track)%00%(upstream:remotename)%00%(upstream:remoteref) refs/heads/master refs/remotes/master [98ms]
[2022-08-03T20:55:48.546Z] > git for-each-ref --sort -committerdate --format %(refname) %(objectname) %(*objectname) [1870ms]
[2022-08-03T20:55:48.558Z] > git remote --verbose [45ms]
[2022-08-03T20:55:50.419Z] > git config --get commit.template [51ms]
[2022-08-03T20:55:57.407Z] > git status -z -uall [49ms]
[2022-08-03T20:55:59.259Z] > git symbolic-ref --short HEAD [42ms]
[2022-08-03T20:56:01.076Z] > git for-each-ref --format=%(refname)%00%(upstream:short)%00%(objectname)%00%(upstream:track)%00%(upstream:remotename)%00%(upstream:remoteref) refs/heads/master refs/remotes/master [38ms]
[2022-08-03T20:56:04.861Z] > git for-each-ref --sort -committerdate --format %(refname) %(objectname) %(*objectname) [1952ms]
[2022-08-03T20:56:04.930Z] > git remote --verbose [212ms]
[2022-08-03T20:56:07.358Z] > git config --get commit.template [286ms]
[2022-08-03T20:56:41.260Z] > git status -z -uall [61ms]
[2022-08-03T20:56:43.329Z] > git symbolic-ref --short HEAD [63ms]
[2022-08-03T20:56:45.187Z] > git for-each-ref --format=%(refname)%00%(upstream:short)%00%(objectname)%00%(upstream:track)%00%(upstream:remotename)%00%(upstream:remoteref) refs/heads/master refs/remotes/master [30ms]
[2022-08-03T20:56:49.056Z] > git remote --verbose [36ms]
[2022-08-03T20:56:49.058Z] > git for-each-ref --sort -committerdate --format %(refname) %(objectname) %(*objectname) [2045ms]
[2022-08-03T20:56:51.347Z] > git config --get commit.template [15ms]
[2022-08-04T06:23:27.077Z] > git status -z -uall [237ms]
[2022-08-04T06:23:29.097Z] > git symbolic-ref --short HEAD [31ms]
[2022-08-04T06:23:31.136Z] > git for-each-ref --format=%(refname)%00%(upstream:short)%00%(objectname)%00%(upstream:track)%00%(upstream:remotename)%00%(upstream:remoteref) refs/heads/master refs/remotes/master [36ms]
[2022-08-04T06:23:35.319Z] > git for-each-ref --sort -committerdate --format %(refname) %(objectname) %(*objectname) [2135ms]
[2022-08-04T06:23:35.328Z] > git remote --verbose [96ms]
[2022-08-04T06:23:37.302Z] > git config --get commit.template [70ms]
[2022-08-04T06:23:45.835Z] > git status -z -uall [65ms]
[2022-08-04T06:23:47.955Z] > git symbolic-ref --short HEAD [30ms]
[2022-08-04T06:23:49.872Z] > git for-each-ref --format=%(refname)%00%(upstream:short)%00%(objectname)%00%(upstream:track)%00%(upstream:remotename)%00%(upstream:remoteref) refs/heads/master refs/remotes/master [38ms]
[2022-08-04T06:23:53.724Z] > git for-each-ref --sort -committerdate --format %(refname) %(objectname) %(*objectname) [1962ms]
[2022-08-04T06:23:53.736Z] > git remote --verbose [43ms]
[2022-08-04T06:23:55.633Z] > git config --get commit.template [33ms]
[2022-08-04T06:24:02.696Z] > git status -z -uall [44ms]
[2022-08-04T06:24:04.569Z] > git symbolic-ref --short HEAD [14ms]
[2022-08-04T06:24:08.389Z] > git for-each-ref --format=%(refname)%00%(upstream:short)%00%(objectname)%00%(upstream:track)%00%(upstream:remotename)%00%(upstream:remoteref) refs/heads/master refs/remotes/master [1956ms]
[2022-08-04T06:24:12.162Z] > git for-each-ref --sort -committerdate --format %(refname) %(objectname) %(*objectname) [1965ms]
[2022-08-04T06:24:12.184Z] > git remote --verbose [66ms]
[2022-08-04T06:24:14.101Z] > git config --get commit.template [27ms]
[2022-08-04T06:24:31.003Z] > git check-ignore -v -z --stdin [16ms]
[2022-08-04T06:25:14.105Z] > git status -z -uall [52ms]
[2022-08-04T06:25:16.110Z] > git symbolic-ref --short HEAD [66ms]
[2022-08-04T06:25:18.001Z] > git for-each-ref --format=%(refname)%00%(upstream:short)%00%(objectname)%00%(upstream:track)%00%(upstream:remotename)%00%(upstream:remoteref) refs/heads/master refs/remotes/master [42ms]
[2022-08-04T06:25:21.945Z] > git for-each-ref --sort -committerdate --format %(refname) %(objectname) %(*objectname) [2011ms]
[2022-08-04T06:25:21.975Z] > git remote --verbose [70ms]
[2022-08-04T06:25:23.935Z] > git config --get commit.template [38ms]
[2022-08-04T06:25:30.869Z] > git status -z -uall [69ms]
[2022-08-04T06:25:32.875Z] > git symbolic-ref --short HEAD [58ms]
[2022-08-04T06:25:34.745Z] > git for-each-ref --format=%(refname)%00%(upstream:short)%00%(objectname)%00%(upstream:track)%00%(upstream:remotename)%00%(upstream:remoteref) refs/heads/master refs/remotes/master [41ms]
[2022-08-04T06:25:38.634Z] > git for-each-ref --sort -committerdate --format %(refname) %(objectname) %(*objectname) [1979ms]
[2022-08-04T06:25:38.648Z] > git remote --verbose [63ms]
[2022-08-04T06:25:40.606Z] > git config --get commit.template [42ms]
[2022-08-04T06:25:47.678Z] > git status -z -uall [62ms]
[2022-08-04T06:25:49.747Z] > git symbolic-ref --short HEAD [55ms]
[2022-08-04T06:25:51.833Z] > git for-each-ref --format=%(refname)%00%(upstream:short)%00%(objectname)%00%(upstream:track)%00%(upstream:remotename)%00%(upstream:remoteref) refs/heads/master refs/remotes/master [28ms]
[2022-08-04T06:25:55.812Z] > git for-each-ref --sort -committerdate --format %(refname) %(objectname) %(*objectname) [1957ms]
[2022-08-04T06:25:55.817Z] > git remote --verbose [18ms]
[2022-08-04T06:25:57.823Z] > git config --get commit.template [19ms]
[2022-08-04T06:26:25.236Z] > git status -z -uall [39ms]
[2022-08-04T06:26:27.183Z] > git symbolic-ref --short HEAD [18ms]
[2022-08-04T06:26:29.118Z] > git for-each-ref --format=%(refname)%00%(upstream:short)%00%(objectname)%00%(upstream:track)%00%(upstream:remotename)%00%(upstream:remoteref) refs/heads/master refs/remotes/master [21ms]
[2022-08-04T06:26:33.828Z] > git for-each-ref --sort -committerdate --format %(refname) %(objectname) %(*objectname) [2489ms]
[2022-08-04T06:26:33.841Z] > git remote --verbose [22ms]
[2022-08-04T06:26:36.185Z] > git config --get commit.template [31ms]
[2022-08-04T06:26:53.844Z] > git show --textconv :index.html [2716ms]
[2022-08-04T06:26:54.244Z] > git ls-files --stage -- /home/masu/phase-0-html-document-structure-lab/index.html [440ms]
[2022-08-04T06:26:56.753Z] > git cat-file -s 4ee34e565b001351951639c67fbe5c7b221a9b45 [133ms]
[2022-08-04T06:43:18.414Z] > git status -z -uall [228ms]
[2022-08-04T06:43:20.427Z] > git symbolic-ref --short HEAD [56ms]
[2022-08-04T06:43:22.394Z] > git for-each-ref --format=%(refname)%00%(upstream:short)%00%(objectname)%00%(upstream:track)%00%(upstream:remotename)%00%(upstream:remoteref) refs/heads/master refs/remotes/master [51ms]
[2022-08-04T06:43:26.251Z] > git for-each-ref --sort -committerdate --format %(refname) %(objectname) %(*objectname) [1984ms]
[2022-08-04T06:43:26.270Z] > git remote --verbose [98ms]
[2022-08-04T06:43:28.389Z] > git config --get commit.template [151ms]
[2022-08-04T06:43:35.456Z] > git status -z -uall [30ms]
[2022-08-04T06:43:37.465Z] > git symbolic-ref --short HEAD [21ms]
[2022-08-04T06:43:39.447Z] > git for-each-ref --format=%(refname)%00%(upstream:short)%00%(objectname)%00%(upstream:track)%00%(upstream:remotename)%00%(upstream:remoteref) refs/heads/master refs/remotes/master [23ms]
[2022-08-04T06:43:43.127Z] > git for-each-ref --sort -committerdate --format %(refname) %(objectname) %(*objectname) [1833ms]
[2022-08-04T06:43:43.136Z] > git remote --verbose [14ms]
[2022-08-04T06:43:44.985Z] > git config --get commit.template [22ms]
[2022-08-04T07:51:43.164Z] > git status -z -uall [2454ms]
[2022-08-04T07:51:46.602Z] > git ls-files --stage -- /home/masu/phase-0-html-document-structure-lab/index.html [3491ms]
[2022-08-04T07:51:49.102Z] > git symbolic-ref --short HEAD [2502ms]
[2022-08-04T07:51:52.024Z] > git for-each-ref --format=%(refname)%00%(upstream:short)%00%(objectname)%00%(upstream:track)%00%(upstream:remotename)%00%(upstream:remoteref) refs/heads/master refs/remotes/master [183ms]
[2022-08-04T07:51:57.088Z] > git cat-file -s 6ab28d1a0d0be18d30393af333d958c1e9cce92b [8038ms]
[2022-08-04T07:51:57.108Z] > git remote --verbose [31ms]
[2022-08-04T07:51:57.109Z] > git for-each-ref --sort -committerdate --format %(refname) %(objectname) %(*objectname) [2558ms]
[2022-08-04T07:52:02.566Z] > git config --get commit.template [2569ms]
[2022-08-04T07:52:02.608Z] > git show --textconv :index.html [51ms]
[2022-08-04T07:52:07.373Z] > git ls-files --stage -- /home/masu/phase-0-html-document-structure-lab/index.html [1962ms]
[2022-08-04T07:52:10.039Z] > git cat-file -s 6ab28d1a0d0be18d30393af333d958c1e9cce92b [30ms]
[2022-08-04T07:52:12.819Z] > git show --textconv :index.html [102ms]
[2022-08-04T07:52:18.059Z] > git status -z -uall [350ms]
[2022-08-04T07:52:20.636Z] > git symbolic-ref --short HEAD [41ms]
[2022-08-04T07:52:23.723Z] > git for-each-ref --format=%(refname)%00%(upstream:short)%00%(objectname)%00%(upstream:track)%00%(upstream:remotename)%00%(upstream:remoteref) refs/heads/master refs/remotes/master [266ms]
[2022-08-04T07:52:34.240Z] > git remote --verbose [2843ms]
[2022-08-04T07:52:34.242Z] > git for-each-ref --sort -committerdate --format %(refname) %(objectname) %(*objectname) [7399ms]
[2022-08-04T07:52:34.369Z] > git ls-files --stage -- /home/masu/phase-0-html-document-structure-lab/index.html [133ms]
[2022-08-04T07:52:39.198Z] > git cat-file -s 6ab28d1a0d0be18d30393af333d958c1e9cce92b [2322ms]
[2022-08-04T07:52:39.215Z] > git config --get commit.template [35ms]
[2022-08-04T07:52:43.583Z] > git show --textconv :index.html [30ms]
