[2022-08-02T09:01:02.277Z] Log level: Info
[2022-08-02T09:01:02.402Z] [info] Validating found git in: git
[2022-08-02T09:01:04.251Z] [info] Using git 2.25.1 from git
[2022-08-02T09:01:06.169Z] > git rev-parse --show-toplevel [42ms]
[2022-08-02T09:01:07.961Z] > git rev-parse --git-dir --git-common-dir [102ms]
[2022-08-02T09:01:07.995Z] [info] Open repository: /home/masu/phase-0-completing-assignments-learn-lab-gem
[2022-08-02T09:01:09.873Z] > git status -z -uall [105ms]
[2022-08-02T09:01:13.247Z] > git symbolic-ref --short HEAD [1653ms]
[2022-08-02T09:01:14.924Z] > git check-ignore -v -z --stdin [1683ms]
[2022-08-02T09:01:14.935Z] > git for-each-ref --format=%(refname)%00%(upstream:short)%00%(objectname)%00%(upstream:track)%00%(upstream:remotename)%00%(upstream:remoteref) refs/heads/main refs/remotes/main [21ms]
[2022-08-02T09:01:18.316Z] > git for-each-ref --sort -committerdate --format %(refname) %(objectname) %(*objectname) [1709ms]
[2022-08-02T09:01:18.324Z] > git remote --verbose [15ms]
[2022-08-02T09:01:20.022Z] > git config --get commit.template [14ms]
[2022-08-02T09:01:21.732Z] > git status -z -uall [23ms]
[2022-08-02T09:01:23.410Z] > git symbolic-ref --short HEAD [11ms]
[2022-08-02T09:01:25.076Z] > git for-each-ref --format=%(refname)%00%(upstream:short)%00%(objectname)%00%(upstream:track)%00%(upstream:remotename)%00%(upstream:remoteref) refs/heads/main refs/remotes/main [13ms]
[2022-08-02T09:01:28.449Z] > git for-each-ref --sort -committerdate --format %(refname) %(objectname) %(*objectname) [1654ms]
[2022-08-02T09:01:28.455Z] > git remote --verbose [17ms]
[2022-08-02T09:01:30.202Z] > git config --get commit.template [8ms]
[2022-08-02T09:04:02.999Z] > git check-ignore -v -z --stdin [40ms]
[2022-08-02T11:14:29.458Z] > git show --textconv :package.json [4630ms]
[2022-08-02T11:14:29.462Z] > git ls-files --stage -- /home/masu/phase-0-completing-assignments-learn-lab-gem/package.json [2012ms]
[2022-08-02T11:14:32.179Z] > git cat-file -s 22fb8f9c4a8454ab4b5eecaace4b1909a09375e8 [118ms]
[2022-08-02T11:15:40.694Z] > git status -z -uall [2642ms]
[2022-08-02T11:15:43.310Z] > git check-ignore -v -z --stdin [2682ms]
[2022-08-02T11:15:43.348Z] > git symbolic-ref --short HEAD [38ms]
[2022-08-02T11:15:46.362Z] > git for-each-ref --format=%(refname)%00%(upstream:short)%00%(objectname)%00%(upstream:track)%00%(upstream:remotename)%00%(upstream:remoteref) refs/heads/main refs/remotes/main [88ms]
[2022-08-02T11:15:51.906Z] > git remote --verbose [107ms]
[2022-08-02T11:15:51.916Z] > git for-each-ref --sort -committerdate --format %(refname) %(objectname) %(*objectname) [2579ms]
[2022-08-02T11:15:54.881Z] > git config --get commit.template [11ms]
[2022-08-02T11:18:43.844Z] > git status -z -uall [374ms]
[2022-08-02T11:18:46.999Z] > git symbolic-ref --short HEAD [57ms]
[2022-08-02T11:18:50.013Z] > git for-each-ref --format=%(refname)%00%(upstream:short)%00%(objectname)%00%(upstream:track)%00%(upstream:remotename)%00%(upstream:remoteref) refs/heads/main refs/remotes/main [142ms]
[2022-08-02T11:18:56.332Z] > git for-each-ref --sort -committerdate --format %(refname) %(objectname) %(*objectname) [3865ms]
[2022-08-02T11:18:56.345Z] > git remote --verbose [1404ms]
[2022-08-02T11:18:59.179Z] > git config --get commit.template [33ms]
[2022-08-02T11:21:31.637Z] > git status -z -uall [3427ms]
[2022-08-02T11:21:33.542Z] > git ls-files --stage -- /home/masu/phase-0-completing-assignments-learn-lab-gem/package.json [1971ms]
[2022-08-02T11:21:35.665Z] > git symbolic-ref --short HEAD [2124ms]
[2022-08-02T11:21:38.345Z] > git for-each-ref --format=%(refname)%00%(upstream:short)%00%(objectname)%00%(upstream:track)%00%(upstream:remotename)%00%(upstream:remoteref) refs/heads/main refs/remotes/main [143ms]
[2022-08-02T11:21:42.668Z] > git cat-file -s 22fb8f9c4a8454ab4b5eecaace4b1909a09375e8 [7033ms]
[2022-08-02T11:21:42.717Z] > git remote --verbose [52ms]
[2022-08-02T11:21:42.718Z] > git for-each-ref --sort -committerdate --format %(refname) %(objectname) %(*objectname) [2170ms]
[2022-08-02T11:21:47.755Z] > git show --textconv :package.json [33ms]
[2022-08-02T11:21:47.756Z] > git config --get commit.template [2543ms]
[2022-08-02T11:22:00.904Z] > git status -z -uall [2296ms]
[2022-08-02T11:22:03.295Z] > git symbolic-ref --short HEAD [128ms]
[2022-08-02T11:22:05.588Z] > git ls-files --stage -- /home/masu/phase-0-completing-assignments-learn-lab-gem/package.json [4732ms]
[2022-08-02T11:22:07.888Z] > git for-each-ref --format=%(refname)%00%(upstream:short)%00%(objectname)%00%(upstream:track)%00%(upstream:remotename)%00%(upstream:remoteref) refs/heads/main refs/remotes/main [2303ms]
[2022-08-02T11:22:12.442Z] > git for-each-ref --sort -committerdate --format %(refname) %(objectname) %(*objectname) [2118ms]
[2022-08-02T11:22:12.444Z] > git cat-file -s 22fb8f9c4a8454ab4b5eecaace4b1909a09375e8 [4565ms]
[2022-08-02T11:22:14.783Z] > git remote --verbose [2370ms]
[2022-08-02T11:22:17.169Z] > git show --textconv :package.json [2397ms]
[2022-08-02T11:22:17.188Z] > git config --get commit.template [28ms]
[2022-08-02T11:22:53.436Z] > git status -z -uall [2293ms]
[2022-08-02T11:22:55.624Z] > git symbolic-ref --short HEAD [47ms]
[2022-08-02T11:22:57.978Z] > git ls-files --stage -- /home/masu/phase-0-completing-assignments-learn-lab-gem/package.json [4570ms]
[2022-08-02T11:23:00.128Z] > git cat-file -s 22fb8f9c4a8454ab4b5eecaace4b1909a09375e8 [36ms]
[2022-08-02T11:23:00.138Z] > git for-each-ref --format=%(refname)%00%(upstream:short)%00%(objectname)%00%(upstream:track)%00%(upstream:remotename)%00%(upstream:remoteref) refs/heads/main refs/remotes/main [2162ms]
[2022-08-02T11:23:04.216Z] > git for-each-ref --sort -committerdate --format %(refname) %(objectname) %(*objectname) [1909ms]
[2022-08-02T11:23:04.219Z] > git remote --verbose [18ms]
[2022-08-02T11:23:07.974Z] > git config --get commit.template [1750ms]
[2022-08-02T11:23:07.996Z] > git show --textconv :package.json [29ms]
